
2019-05-14 21:05:33
[INFO]-[Thread: background-preinit]-[org.hibernate.validator.internal.util.Version.<clinit>()]: HV000001: Hibernate Validator 6.0.14.Final

2019-05-14 21:05:33
[INFO]-[Thread: restartedMain]-[org.springframework.boot.StartupInfoLogger.logStarting()]: Starting DriverserverApplication on DESKTOP-ALCHGHN with PID 13120 (E:\Desktop\driver\driverserver\target\classes started by hzl in E:\Desktop\driver\driverserver)

2019-05-14 21:05:33
[INFO]-[Thread: restartedMain]-[org.springframework.boot.SpringApplication.logStartupProfileInfo()]: No active profile set, falling back to default profiles: default

2019-05-14 21:05:33
[INFO]-[Thread: restartedMain]-[org.springframework.boot.logging.DeferredLog.logTo()]: Devtools property defaults active! Set 'spring.devtools.add-properties' to 'false' to disable

2019-05-14 21:05:33
[INFO]-[Thread: restartedMain]-[org.springframework.boot.logging.DeferredLog.logTo()]: For additional web related logging consider setting the 'logging.level.web' property to 'DEBUG'

2019-05-14 21:05:35
[WARN]-[Thread: restartedMain]-[org.mybatis.spring.mapper.ClassPathMapperScanner.doScan()]: No MyBatis mapper was found in '[cn.edu.seu.driverserver]' package. Please check your configuration.

2019-05-14 21:05:37
[INFO]-[Thread: restartedMain]-[org.springframework.boot.web.embedded.tomcat.TomcatWebServer.initialize()]: Tomcat initialized with port(s): 8081 (http)

2019-05-14 21:05:37
[INFO]-[Thread: restartedMain]-[org.springframework.boot.web.servlet.context.ServletWebServerApplicationContext.prepareWebApplicationContext()]: Root WebApplicationContext: initialization completed in 3962 ms

2019-05-14 21:05:38
[INFO]-[Thread: restartedMain]-[org.springframework.scheduling.concurrent.ExecutorConfigurationSupport.initialize()]: Initializing ExecutorService 'applicationTaskExecutor'

2019-05-14 21:05:38
[INFO]-[Thread: restartedMain]-[org.springframework.boot.autoconfigure.web.servlet.WelcomePageHandlerMapping.<init>()]: Adding welcome page template: index

2019-05-14 21:05:39
[INFO]-[Thread: restartedMain]-[org.springframework.boot.devtools.autoconfigure.OptionalLiveReloadServer.startServer()]: LiveReload server is running on port 35729

2019-05-14 21:05:39
[INFO]-[Thread: restartedMain]-[org.springframework.boot.web.embedded.tomcat.TomcatWebServer.start()]: Tomcat started on port(s): 8081 (http) with context path ''

2019-05-14 21:05:39
[INFO]-[Thread: restartedMain]-[org.springframework.boot.StartupInfoLogger.logStarted()]: Started DriverserverApplication in 6.277 seconds (JVM running for 7.263)

2019-05-14 21:05:50
[INFO]-[Thread: http-nio-8081-exec-1]-[org.springframework.web.servlet.FrameworkServlet.initServletBean()]: Initializing Servlet 'dispatcherServlet'

2019-05-14 21:05:50
[INFO]-[Thread: http-nio-8081-exec-1]-[org.springframework.web.servlet.FrameworkServlet.initServletBean()]: Completed initialization in 12 ms

2019-05-14 21:54:55
[INFO]-[Thread: Thread-6]-[org.springframework.scheduling.concurrent.ExecutorConfigurationSupport.shutdown()]: Shutting down ExecutorService 'applicationTaskExecutor'

2019-05-14 21:54:56
[INFO]-[Thread: restartedMain]-[org.springframework.boot.logging.DeferredLog.logTo()]: Devtools property defaults active! Set 'spring.devtools.add-properties' to 'false' to disable

2019-05-14 21:54:56
[INFO]-[Thread: restartedMain]-[org.springframework.boot.logging.DeferredLog.logTo()]: For additional web related logging consider setting the 'logging.level.web' property to 'DEBUG'

2019-05-14 21:54:56
[INFO]-[Thread: restartedMain]-[org.springframework.boot.StartupInfoLogger.logStarting()]: Starting DriverserverApplication on DESKTOP-ALCHGHN with PID 13120 (E:\Desktop\driver\driverserver\target\classes started by hzl in E:\Desktop\driver\driverserver)

2019-05-14 21:54:56
[INFO]-[Thread: restartedMain]-[org.springframework.boot.SpringApplication.logStartupProfileInfo()]: No active profile set, falling back to default profiles: default

2019-05-14 21:54:56
[WARN]-[Thread: restartedMain]-[org.mybatis.spring.mapper.ClassPathMapperScanner.doScan()]: No MyBatis mapper was found in '[cn.edu.seu.driverserver]' package. Please check your configuration.

2019-05-14 21:54:57
[INFO]-[Thread: restartedMain]-[org.springframework.boot.web.embedded.tomcat.TomcatWebServer.initialize()]: Tomcat initialized with port(s): 8081 (http)

2019-05-14 21:54:57
[INFO]-[Thread: restartedMain]-[org.springframework.boot.web.servlet.context.ServletWebServerApplicationContext.prepareWebApplicationContext()]: Root WebApplicationContext: initialization completed in 966 ms

2019-05-14 21:54:57
[INFO]-[Thread: restartedMain]-[org.springframework.scheduling.concurrent.ExecutorConfigurationSupport.initialize()]: Initializing ExecutorService 'applicationTaskExecutor'

2019-05-14 21:54:57
[INFO]-[Thread: restartedMain]-[org.springframework.boot.autoconfigure.web.servlet.WelcomePageHandlerMapping.<init>()]: Adding welcome page template: index

2019-05-14 21:54:57
[INFO]-[Thread: restartedMain]-[org.springframework.boot.devtools.autoconfigure.OptionalLiveReloadServer.startServer()]: LiveReload server is running on port 35729

2019-05-14 21:54:58
[INFO]-[Thread: restartedMain]-[org.springframework.boot.web.embedded.tomcat.TomcatWebServer.start()]: Tomcat started on port(s): 8081 (http) with context path ''

2019-05-14 21:54:58
[INFO]-[Thread: restartedMain]-[org.springframework.boot.StartupInfoLogger.logStarted()]: Started DriverserverApplication in 1.62 seconds (JVM running for 2966.122)

2019-05-14 21:54:58
[INFO]-[Thread: restartedMain]-[org.springframework.boot.devtools.autoconfigure.ConditionEvaluationDeltaLoggingListener.onApplicationEvent()]: Condition evaluation unchanged

2019-05-14 21:55:16
[INFO]-[Thread: Thread-10]-[org.springframework.scheduling.concurrent.ExecutorConfigurationSupport.shutdown()]: Shutting down ExecutorService 'applicationTaskExecutor'

2019-05-14 21:55:17
[INFO]-[Thread: restartedMain]-[org.springframework.boot.logging.DeferredLog.logTo()]: Devtools property defaults active! Set 'spring.devtools.add-properties' to 'false' to disable

2019-05-14 21:55:17
[INFO]-[Thread: restartedMain]-[org.springframework.boot.logging.DeferredLog.logTo()]: For additional web related logging consider setting the 'logging.level.web' property to 'DEBUG'

2019-05-14 21:55:17
[INFO]-[Thread: restartedMain]-[org.springframework.boot.StartupInfoLogger.logStarting()]: Starting DriverserverApplication on DESKTOP-ALCHGHN with PID 13120 (E:\Desktop\driver\driverserver\target\classes started by hzl in E:\Desktop\driver\driverserver)

2019-05-14 21:55:17
[INFO]-[Thread: restartedMain]-[org.springframework.boot.SpringApplication.logStartupProfileInfo()]: No active profile set, falling back to default profiles: default

2019-05-14 21:55:17
[WARN]-[Thread: restartedMain]-[org.mybatis.spring.mapper.ClassPathMapperScanner.doScan()]: No MyBatis mapper was found in '[cn.edu.seu.driverserver]' package. Please check your configuration.

2019-05-14 21:55:18
[INFO]-[Thread: restartedMain]-[org.springframework.boot.web.embedded.tomcat.TomcatWebServer.initialize()]: Tomcat initialized with port(s): 8081 (http)

2019-05-14 21:55:18
[INFO]-[Thread: restartedMain]-[org.springframework.boot.web.servlet.context.ServletWebServerApplicationContext.prepareWebApplicationContext()]: Root WebApplicationContext: initialization completed in 764 ms

2019-05-14 21:55:18
[INFO]-[Thread: restartedMain]-[org.springframework.scheduling.concurrent.ExecutorConfigurationSupport.initialize()]: Initializing ExecutorService 'applicationTaskExecutor'

2019-05-14 21:55:18
[INFO]-[Thread: restartedMain]-[org.springframework.boot.autoconfigure.web.servlet.WelcomePageHandlerMapping.<init>()]: Adding welcome page template: index

2019-05-14 21:55:18
[INFO]-[Thread: restartedMain]-[org.springframework.boot.devtools.autoconfigure.OptionalLiveReloadServer.startServer()]: LiveReload server is running on port 35729

2019-05-14 21:55:18
[INFO]-[Thread: restartedMain]-[org.springframework.boot.web.embedded.tomcat.TomcatWebServer.start()]: Tomcat started on port(s): 8081 (http) with context path ''

2019-05-14 21:55:18
[INFO]-[Thread: restartedMain]-[org.springframework.boot.StartupInfoLogger.logStarted()]: Started DriverserverApplication in 1.057 seconds (JVM running for 2986.643)

2019-05-14 21:55:18
[INFO]-[Thread: restartedMain]-[org.springframework.boot.devtools.autoconfigure.ConditionEvaluationDeltaLoggingListener.onApplicationEvent()]: Condition evaluation unchanged

2019-05-14 21:55:20
[INFO]-[Thread: Thread-16]-[org.springframework.scheduling.concurrent.ExecutorConfigurationSupport.shutdown()]: Shutting down ExecutorService 'applicationTaskExecutor'

2019-05-14 21:55:20
[INFO]-[Thread: restartedMain]-[org.springframework.boot.logging.DeferredLog.logTo()]: Devtools property defaults active! Set 'spring.devtools.add-properties' to 'false' to disable

2019-05-14 21:55:20
[INFO]-[Thread: restartedMain]-[org.springframework.boot.logging.DeferredLog.logTo()]: For additional web related logging consider setting the 'logging.level.web' property to 'DEBUG'

2019-05-14 21:55:20
[INFO]-[Thread: restartedMain]-[org.springframework.boot.StartupInfoLogger.logStarting()]: Starting DriverserverApplication on DESKTOP-ALCHGHN with PID 13120 (E:\Desktop\driver\driverserver\target\classes started by hzl in E:\Desktop\driver\driverserver)

2019-05-14 21:55:20
[INFO]-[Thread: restartedMain]-[org.springframework.boot.SpringApplication.logStartupProfileInfo()]: No active profile set, falling back to default profiles: default

2019-05-14 21:55:20
[WARN]-[Thread: restartedMain]-[org.mybatis.spring.mapper.ClassPathMapperScanner.doScan()]: No MyBatis mapper was found in '[cn.edu.seu.driverserver]' package. Please check your configuration.

2019-05-14 21:55:21
[INFO]-[Thread: restartedMain]-[org.springframework.boot.web.embedded.tomcat.TomcatWebServer.initialize()]: Tomcat initialized with port(s): 8081 (http)

2019-05-14 21:55:21
[INFO]-[Thread: restartedMain]-[org.springframework.boot.web.servlet.context.ServletWebServerApplicationContext.prepareWebApplicationContext()]: Root WebApplicationContext: initialization completed in 890 ms

2019-05-14 21:55:21
[INFO]-[Thread: restartedMain]-[org.springframework.scheduling.concurrent.ExecutorConfigurationSupport.initialize()]: Initializing ExecutorService 'applicationTaskExecutor'

2019-05-14 21:55:21
[INFO]-[Thread: restartedMain]-[org.springframework.boot.autoconfigure.web.servlet.WelcomePageHandlerMapping.<init>()]: Adding welcome page template: index

2019-05-14 21:55:21
[INFO]-[Thread: restartedMain]-[org.springframework.boot.devtools.autoconfigure.OptionalLiveReloadServer.startServer()]: LiveReload server is running on port 35729

2019-05-14 21:55:21
[INFO]-[Thread: restartedMain]-[org.springframework.boot.web.embedded.tomcat.TomcatWebServer.start()]: Tomcat started on port(s): 8081 (http) with context path ''

2019-05-14 21:55:21
[INFO]-[Thread: restartedMain]-[org.springframework.boot.StartupInfoLogger.logStarted()]: Started DriverserverApplication in 1.221 seconds (JVM running for 2989.858)

2019-05-14 21:55:21
[INFO]-[Thread: restartedMain]-[org.springframework.boot.devtools.autoconfigure.ConditionEvaluationDeltaLoggingListener.onApplicationEvent()]: Condition evaluation unchanged

2019-05-14 21:55:24
[INFO]-[Thread: http-nio-8081-exec-2]-[org.springframework.web.servlet.FrameworkServlet.initServletBean()]: Initializing Servlet 'dispatcherServlet'

2019-05-14 21:55:24
[INFO]-[Thread: http-nio-8081-exec-2]-[org.springframework.web.servlet.FrameworkServlet.initServletBean()]: Completed initialization in 5 ms

2019-05-14 21:55:52
[INFO]-[Thread: background-preinit]-[org.hibernate.validator.internal.util.Version.<clinit>()]: HV000001: Hibernate Validator 6.0.14.Final

2019-05-14 21:55:52
[INFO]-[Thread: restartedMain]-[org.springframework.boot.StartupInfoLogger.logStarting()]: Starting DriverserverApplication on DESKTOP-ALCHGHN with PID 16976 (E:\Desktop\driver\driverserver\target\classes started by hzl in E:\Desktop\driver\driverserver)

2019-05-14 21:55:52
[INFO]-[Thread: restartedMain]-[org.springframework.boot.SpringApplication.logStartupProfileInfo()]: No active profile set, falling back to default profiles: default

2019-05-14 21:55:53
[INFO]-[Thread: restartedMain]-[org.springframework.boot.logging.DeferredLog.logTo()]: Devtools property defaults active! Set 'spring.devtools.add-properties' to 'false' to disable

2019-05-14 21:55:53
[INFO]-[Thread: restartedMain]-[org.springframework.boot.logging.DeferredLog.logTo()]: For additional web related logging consider setting the 'logging.level.web' property to 'DEBUG'

2019-05-14 21:55:54
[WARN]-[Thread: restartedMain]-[org.mybatis.spring.mapper.ClassPathMapperScanner.doScan()]: No MyBatis mapper was found in '[cn.edu.seu.driverserver]' package. Please check your configuration.

2019-05-14 21:55:55
[INFO]-[Thread: restartedMain]-[org.springframework.boot.web.embedded.tomcat.TomcatWebServer.initialize()]: Tomcat initialized with port(s): 8081 (http)

2019-05-14 21:55:55
[INFO]-[Thread: restartedMain]-[org.springframework.boot.web.servlet.context.ServletWebServerApplicationContext.prepareWebApplicationContext()]: Root WebApplicationContext: initialization completed in 2912 ms

2019-05-14 21:55:56
[INFO]-[Thread: restartedMain]-[org.springframework.scheduling.concurrent.ExecutorConfigurationSupport.initialize()]: Initializing ExecutorService 'applicationTaskExecutor'

2019-05-14 21:55:56
[INFO]-[Thread: restartedMain]-[org.springframework.boot.autoconfigure.web.servlet.WelcomePageHandlerMapping.<init>()]: Adding welcome page template: index

2019-05-14 21:55:56
[INFO]-[Thread: restartedMain]-[org.springframework.boot.devtools.autoconfigure.OptionalLiveReloadServer.startServer()]: LiveReload server is running on port 35729

2019-05-14 21:55:56
[INFO]-[Thread: restartedMain]-[org.springframework.boot.web.embedded.tomcat.TomcatWebServer.start()]: Tomcat started on port(s): 8081 (http) with context path ''

2019-05-14 21:55:56
[INFO]-[Thread: restartedMain]-[org.springframework.boot.StartupInfoLogger.logStarted()]: Started DriverserverApplication in 4.464 seconds (JVM running for 5.27)

2019-05-14 21:55:59
[INFO]-[Thread: http-nio-8081-exec-1]-[org.springframework.web.servlet.FrameworkServlet.initServletBean()]: Initializing Servlet 'dispatcherServlet'

2019-05-14 21:55:59
[INFO]-[Thread: http-nio-8081-exec-1]-[org.springframework.web.servlet.FrameworkServlet.initServletBean()]: Completed initialization in 9 ms

2019-05-14 21:56:15
[ERROR]-[Thread: http-nio-8081-exec-6]-[org.thymeleaf.TemplateEngine.process()]: [THYMELEAF][http-nio-8081-exec-6] Exception processing template "install": Error resolving template [install], template might not exist or might not be accessible by any of the configured Template Resolvers
org.thymeleaf.exceptions.TemplateInputException: Error resolving template [install], template might not exist or might not be accessible by any of the configured Template Resolvers
	at org.thymeleaf.engine.TemplateManager.resolveTemplate(TemplateManager.java:869)
	at org.thymeleaf.engine.TemplateManager.parseAndProcess(TemplateManager.java:607)
	at org.thymeleaf.TemplateEngine.process(TemplateEngine.java:1098)
	at org.thymeleaf.TemplateEngine.process(TemplateEngine.java:1072)
	at org.thymeleaf.spring5.view.ThymeleafView.renderFragment(ThymeleafView.java:362)
	at org.thymeleaf.spring5.view.ThymeleafView.render(ThymeleafView.java:189)
	at org.springframework.web.servlet.DispatcherServlet.render(DispatcherServlet.java:1370)
	at org.springframework.web.servlet.DispatcherServlet.processDispatchResult(DispatcherServlet.java:1116)
	at org.springframework.web.servlet.DispatcherServlet.doDispatch(DispatcherServlet.java:1055)
	at org.springframework.web.servlet.DispatcherServlet.doService(DispatcherServlet.java:942)
	at org.springframework.web.servlet.FrameworkServlet.processRequest(FrameworkServlet.java:1005)
	at org.springframework.web.servlet.FrameworkServlet.doGet(FrameworkServlet.java:897)
	at javax.servlet.http.HttpServlet.service(HttpServlet.java:634)
	at org.springframework.web.servlet.FrameworkServlet.service(FrameworkServlet.java:882)
	at javax.servlet.http.HttpServlet.service(HttpServlet.java:741)
	at org.apache.catalina.core.ApplicationFilterChain.internalDoFilter(ApplicationFilterChain.java:231)
	at org.apache.catalina.core.ApplicationFilterChain.doFilter(ApplicationFilterChain.java:166)
	at org.apache.tomcat.websocket.server.WsFilter.doFilter(WsFilter.java:53)
	at org.apache.catalina.core.ApplicationFilterChain.internalDoFilter(ApplicationFilterChain.java:193)
	at org.apache.catalina.core.ApplicationFilterChain.doFilter(ApplicationFilterChain.java:166)
	at org.springframework.web.filter.RequestContextFilter.doFilterInternal(RequestContextFilter.java:99)
	at org.springframework.web.filter.OncePerRequestFilter.doFilter(OncePerRequestFilter.java:107)
	at org.apache.catalina.core.ApplicationFilterChain.internalDoFilter(ApplicationFilterChain.java:193)
	at org.apache.catalina.core.ApplicationFilterChain.doFilter(ApplicationFilterChain.java:166)
	at org.springframework.web.filter.FormContentFilter.doFilterInternal(FormContentFilter.java:92)
	at org.springframework.web.filter.OncePerRequestFilter.doFilter(OncePerRequestFilter.java:107)
	at org.apache.catalina.core.ApplicationFilterChain.internalDoFilter(ApplicationFilterChain.java:193)
	at org.apache.catalina.core.ApplicationFilterChain.doFilter(ApplicationFilterChain.java:166)
	at org.springframework.web.filter.HiddenHttpMethodFilter.doFilterInternal(HiddenHttpMethodFilter.java:93)
	at org.springframework.web.filter.OncePerRequestFilter.doFilter(OncePerRequestFilter.java:107)
	at org.apache.catalina.core.ApplicationFilterChain.internalDoFilter(ApplicationFilterChain.java:193)
	at org.apache.catalina.core.ApplicationFilterChain.doFilter(ApplicationFilterChain.java:166)
	at org.springframework.web.filter.CharacterEncodingFilter.doFilterInternal(CharacterEncodingFilter.java:200)
	at org.springframework.web.filter.OncePerRequestFilter.doFilter(OncePerRequestFilter.java:107)
	at org.apache.catalina.core.ApplicationFilterChain.internalDoFilter(ApplicationFilterChain.java:193)
	at org.apache.catalina.core.ApplicationFilterChain.doFilter(ApplicationFilterChain.java:166)
	at org.apache.catalina.core.StandardWrapperValve.invoke(StandardWrapperValve.java:200)
	at org.apache.catalina.core.StandardContextValve.invoke(StandardContextValve.java:96)
	at org.apache.catalina.authenticator.AuthenticatorBase.invoke(AuthenticatorBase.java:490)
	at org.apache.catalina.core.StandardHostValve.invoke(StandardHostValve.java:139)
	at org.apache.catalina.valves.ErrorReportValve.invoke(ErrorReportValve.java:92)
	at org.apache.catalina.core.StandardEngineValve.invoke(StandardEngineValve.java:74)
	at org.apache.catalina.connector.CoyoteAdapter.service(CoyoteAdapter.java:343)
	at org.apache.coyote.http11.Http11Processor.service(Http11Processor.java:408)
	at org.apache.coyote.AbstractProcessorLight.process(AbstractProcessorLight.java:66)
	at org.apache.coyote.AbstractProtocol$ConnectionHandler.process(AbstractProtocol.java:834)
	at org.apache.tomcat.util.net.NioEndpoint$SocketProcessor.doRun(NioEndpoint.java:1415)
	at org.apache.tomcat.util.net.SocketProcessorBase.run(SocketProcessorBase.java:49)
	at java.util.concurrent.ThreadPoolExecutor.runWorker(ThreadPoolExecutor.java:1149)
	at java.util.concurrent.ThreadPoolExecutor$Worker.run(ThreadPoolExecutor.java:624)
	at org.apache.tomcat.util.threads.TaskThread$WrappingRunnable.run(TaskThread.java:61)
	at java.lang.Thread.run(Thread.java:748)

2019-05-14 21:57:07
[INFO]-[Thread: background-preinit]-[org.hibernate.validator.internal.util.Version.<clinit>()]: HV000001: Hibernate Validator 6.0.14.Final

2019-05-14 21:57:07
[INFO]-[Thread: restartedMain]-[org.springframework.boot.StartupInfoLogger.logStarting()]: Starting DriverserverApplication on DESKTOP-ALCHGHN with PID 14732 (E:\Desktop\driver\driverserver\target\classes started by hzl in E:\Desktop\driver\driverserver)

2019-05-14 21:57:07
[INFO]-[Thread: restartedMain]-[org.springframework.boot.SpringApplication.logStartupProfileInfo()]: No active profile set, falling back to default profiles: default

2019-05-14 21:57:07
[INFO]-[Thread: restartedMain]-[org.springframework.boot.logging.DeferredLog.logTo()]: Devtools property defaults active! Set 'spring.devtools.add-properties' to 'false' to disable

2019-05-14 21:57:07
[INFO]-[Thread: restartedMain]-[org.springframework.boot.logging.DeferredLog.logTo()]: For additional web related logging consider setting the 'logging.level.web' property to 'DEBUG'

2019-05-14 21:57:08
[WARN]-[Thread: restartedMain]-[org.mybatis.spring.mapper.ClassPathMapperScanner.doScan()]: No MyBatis mapper was found in '[cn.edu.seu.driverserver]' package. Please check your configuration.

2019-05-14 21:57:10
[INFO]-[Thread: restartedMain]-[org.springframework.boot.web.embedded.tomcat.TomcatWebServer.initialize()]: Tomcat initialized with port(s): 8081 (http)

2019-05-14 21:57:10
[INFO]-[Thread: restartedMain]-[org.springframework.boot.web.servlet.context.ServletWebServerApplicationContext.prepareWebApplicationContext()]: Root WebApplicationContext: initialization completed in 2636 ms

2019-05-14 21:57:10
[INFO]-[Thread: restartedMain]-[org.springframework.scheduling.concurrent.ExecutorConfigurationSupport.initialize()]: Initializing ExecutorService 'applicationTaskExecutor'

2019-05-14 21:57:10
[INFO]-[Thread: restartedMain]-[org.springframework.boot.autoconfigure.web.servlet.WelcomePageHandlerMapping.<init>()]: Adding welcome page template: index

2019-05-14 21:57:11
[WARN]-[Thread: restartedMain]-[org.springframework.boot.devtools.autoconfigure.OptionalLiveReloadServer.startServer()]: Unable to start LiveReload server

2019-05-14 21:57:11
[INFO]-[Thread: restartedMain]-[org.springframework.boot.autoconfigure.logging.ConditionEvaluationReportLoggingListener.logMessage()]: 

Error starting ApplicationContext. To display the conditions report re-run your application with 'debug' enabled.

2019-05-14 21:57:11
[ERROR]-[Thread: restartedMain]-[org.springframework.boot.diagnostics.LoggingFailureAnalysisReporter.report()]: 

***************************
APPLICATION FAILED TO START
***************************

Description:

The Tomcat connector configured to listen on port 8081 failed to start. The port may already be in use or the connector may be misconfigured.

Action:

Verify the connector's configuration, identify and stop any process that's listening on port 8081, or configure this application to listen on another port.


2019-05-14 21:57:11
[INFO]-[Thread: restartedMain]-[org.springframework.scheduling.concurrent.ExecutorConfigurationSupport.shutdown()]: Shutting down ExecutorService 'applicationTaskExecutor'

2019-05-14 21:57:16
[INFO]-[Thread: background-preinit]-[org.hibernate.validator.internal.util.Version.<clinit>()]: HV000001: Hibernate Validator 6.0.14.Final

2019-05-14 21:57:16
[INFO]-[Thread: restartedMain]-[org.springframework.boot.StartupInfoLogger.logStarting()]: Starting DriverserverApplication on DESKTOP-ALCHGHN with PID 9852 (E:\Desktop\driver\driverserver\target\classes started by hzl in E:\Desktop\driver\driverserver)

2019-05-14 21:57:16
[INFO]-[Thread: restartedMain]-[org.springframework.boot.SpringApplication.logStartupProfileInfo()]: No active profile set, falling back to default profiles: default

2019-05-14 21:57:16
[INFO]-[Thread: restartedMain]-[org.springframework.boot.logging.DeferredLog.logTo()]: Devtools property defaults active! Set 'spring.devtools.add-properties' to 'false' to disable

2019-05-14 21:57:16
[INFO]-[Thread: restartedMain]-[org.springframework.boot.logging.DeferredLog.logTo()]: For additional web related logging consider setting the 'logging.level.web' property to 'DEBUG'

2019-05-14 21:57:18
[WARN]-[Thread: restartedMain]-[org.mybatis.spring.mapper.ClassPathMapperScanner.doScan()]: No MyBatis mapper was found in '[cn.edu.seu.driverserver]' package. Please check your configuration.

2019-05-14 21:57:19
[INFO]-[Thread: restartedMain]-[org.springframework.boot.web.embedded.tomcat.TomcatWebServer.initialize()]: Tomcat initialized with port(s): 8081 (http)

2019-05-14 21:57:19
[INFO]-[Thread: restartedMain]-[org.springframework.boot.web.servlet.context.ServletWebServerApplicationContext.prepareWebApplicationContext()]: Root WebApplicationContext: initialization completed in 2737 ms

2019-05-14 21:57:20
[INFO]-[Thread: restartedMain]-[org.springframework.scheduling.concurrent.ExecutorConfigurationSupport.initialize()]: Initializing ExecutorService 'applicationTaskExecutor'

2019-05-14 21:57:20
[INFO]-[Thread: restartedMain]-[org.springframework.boot.autoconfigure.web.servlet.WelcomePageHandlerMapping.<init>()]: Adding welcome page template: index

2019-05-14 21:57:20
[INFO]-[Thread: restartedMain]-[org.springframework.boot.devtools.autoconfigure.OptionalLiveReloadServer.startServer()]: LiveReload server is running on port 35729

2019-05-14 21:57:20
[INFO]-[Thread: restartedMain]-[org.springframework.boot.web.embedded.tomcat.TomcatWebServer.start()]: Tomcat started on port(s): 8081 (http) with context path ''

2019-05-14 21:57:20
[INFO]-[Thread: restartedMain]-[org.springframework.boot.StartupInfoLogger.logStarted()]: Started DriverserverApplication in 4.253 seconds (JVM running for 5.047)

2019-05-14 21:57:22
[INFO]-[Thread: http-nio-8081-exec-1]-[org.springframework.web.servlet.FrameworkServlet.initServletBean()]: Initializing Servlet 'dispatcherServlet'

2019-05-14 21:57:22
[INFO]-[Thread: http-nio-8081-exec-1]-[org.springframework.web.servlet.FrameworkServlet.initServletBean()]: Completed initialization in 9 ms

2019-05-14 21:59:19
[INFO]-[Thread: Thread-6]-[org.springframework.scheduling.concurrent.ExecutorConfigurationSupport.shutdown()]: Shutting down ExecutorService 'applicationTaskExecutor'

2019-05-14 21:59:19
[INFO]-[Thread: restartedMain]-[org.springframework.boot.logging.DeferredLog.logTo()]: Devtools property defaults active! Set 'spring.devtools.add-properties' to 'false' to disable

2019-05-14 21:59:19
[INFO]-[Thread: restartedMain]-[org.springframework.boot.logging.DeferredLog.logTo()]: For additional web related logging consider setting the 'logging.level.web' property to 'DEBUG'

2019-05-14 21:59:19
[INFO]-[Thread: restartedMain]-[org.springframework.boot.StartupInfoLogger.logStarting()]: Starting DriverserverApplication on DESKTOP-ALCHGHN with PID 9852 (E:\Desktop\driver\driverserver\target\classes started by hzl in E:\Desktop\driver\driverserver)

2019-05-14 21:59:19
[INFO]-[Thread: restartedMain]-[org.springframework.boot.SpringApplication.logStartupProfileInfo()]: No active profile set, falling back to default profiles: default

2019-05-14 21:59:20
[WARN]-[Thread: restartedMain]-[org.mybatis.spring.mapper.ClassPathMapperScanner.doScan()]: No MyBatis mapper was found in '[cn.edu.seu.driverserver]' package. Please check your configuration.

2019-05-14 21:59:20
[INFO]-[Thread: restartedMain]-[org.springframework.boot.web.embedded.tomcat.TomcatWebServer.initialize()]: Tomcat initialized with port(s): 8081 (http)

2019-05-14 21:59:21
[INFO]-[Thread: restartedMain]-[org.springframework.boot.web.servlet.context.ServletWebServerApplicationContext.prepareWebApplicationContext()]: Root WebApplicationContext: initialization completed in 1060 ms

2019-05-14 21:59:21
[INFO]-[Thread: restartedMain]-[org.springframework.scheduling.concurrent.ExecutorConfigurationSupport.initialize()]: Initializing ExecutorService 'applicationTaskExecutor'

2019-05-14 21:59:21
[INFO]-[Thread: restartedMain]-[org.springframework.boot.autoconfigure.web.servlet.WelcomePageHandlerMapping.<init>()]: Adding welcome page template: index

2019-05-14 21:59:21
[INFO]-[Thread: restartedMain]-[org.springframework.boot.devtools.autoconfigure.OptionalLiveReloadServer.startServer()]: LiveReload server is running on port 35729

2019-05-14 21:59:21
[INFO]-[Thread: restartedMain]-[org.springframework.boot.web.embedded.tomcat.TomcatWebServer.start()]: Tomcat started on port(s): 8081 (http) with context path ''

2019-05-14 21:59:21
[INFO]-[Thread: restartedMain]-[org.springframework.boot.StartupInfoLogger.logStarted()]: Started DriverserverApplication in 1.414 seconds (JVM running for 125.636)

2019-05-14 21:59:21
[INFO]-[Thread: restartedMain]-[org.springframework.boot.devtools.autoconfigure.ConditionEvaluationDeltaLoggingListener.onApplicationEvent()]: Condition evaluation unchanged

2019-05-14 21:59:57
[INFO]-[Thread: Thread-10]-[org.springframework.scheduling.concurrent.ExecutorConfigurationSupport.shutdown()]: Shutting down ExecutorService 'applicationTaskExecutor'

2019-05-14 21:59:58
[INFO]-[Thread: restartedMain]-[org.springframework.boot.logging.DeferredLog.logTo()]: Devtools property defaults active! Set 'spring.devtools.add-properties' to 'false' to disable

2019-05-14 21:59:58
[INFO]-[Thread: restartedMain]-[org.springframework.boot.logging.DeferredLog.logTo()]: For additional web related logging consider setting the 'logging.level.web' property to 'DEBUG'

2019-05-14 21:59:58
[INFO]-[Thread: restartedMain]-[org.springframework.boot.StartupInfoLogger.logStarting()]: Starting DriverserverApplication on DESKTOP-ALCHGHN with PID 9852 (E:\Desktop\driver\driverserver\target\classes started by hzl in E:\Desktop\driver\driverserver)

2019-05-14 21:59:58
[INFO]-[Thread: restartedMain]-[org.springframework.boot.SpringApplication.logStartupProfileInfo()]: No active profile set, falling back to default profiles: default

2019-05-14 21:59:58
[WARN]-[Thread: restartedMain]-[org.mybatis.spring.mapper.ClassPathMapperScanner.doScan()]: No MyBatis mapper was found in '[cn.edu.seu.driverserver]' package. Please check your configuration.

2019-05-14 21:59:59
[INFO]-[Thread: restartedMain]-[org.springframework.boot.web.embedded.tomcat.TomcatWebServer.initialize()]: Tomcat initialized with port(s): 8081 (http)

2019-05-14 21:59:59
[INFO]-[Thread: restartedMain]-[org.springframework.boot.web.servlet.context.ServletWebServerApplicationContext.prepareWebApplicationContext()]: Root WebApplicationContext: initialization completed in 991 ms

2019-05-14 21:59:59
[INFO]-[Thread: restartedMain]-[org.springframework.scheduling.concurrent.ExecutorConfigurationSupport.initialize()]: Initializing ExecutorService 'applicationTaskExecutor'

2019-05-14 21:59:59
[INFO]-[Thread: restartedMain]-[org.springframework.boot.autoconfigure.web.servlet.WelcomePageHandlerMapping.<init>()]: Adding welcome page template: index

2019-05-14 21:59:59
[INFO]-[Thread: restartedMain]-[org.springframework.boot.devtools.autoconfigure.OptionalLiveReloadServer.startServer()]: LiveReload server is running on port 35729

2019-05-14 21:59:59
[INFO]-[Thread: restartedMain]-[org.springframework.boot.web.embedded.tomcat.TomcatWebServer.start()]: Tomcat started on port(s): 8081 (http) with context path ''

2019-05-14 21:59:59
[INFO]-[Thread: restartedMain]-[org.springframework.boot.StartupInfoLogger.logStarted()]: Started DriverserverApplication in 1.338 seconds (JVM running for 163.997)

2019-05-14 21:59:59
[INFO]-[Thread: restartedMain]-[org.springframework.boot.devtools.autoconfigure.ConditionEvaluationDeltaLoggingListener.onApplicationEvent()]: Condition evaluation unchanged

2019-05-14 22:00:14
[INFO]-[Thread: http-nio-8081-exec-1]-[org.springframework.web.servlet.FrameworkServlet.initServletBean()]: Initializing Servlet 'dispatcherServlet'

2019-05-14 22:00:14
[INFO]-[Thread: http-nio-8081-exec-1]-[org.springframework.web.servlet.FrameworkServlet.initServletBean()]: Completed initialization in 4 ms

2019-05-14 22:00:14
[ERROR]-[Thread: http-nio-8081-exec-1]-[org.thymeleaf.TemplateEngine.process()]: [THYMELEAF][http-nio-8081-exec-1] Exception processing template "doInstall": Error resolving template [doInstall], template might not exist or might not be accessible by any of the configured Template Resolvers
org.thymeleaf.exceptions.TemplateInputException: Error resolving template [doInstall], template might not exist or might not be accessible by any of the configured Template Resolvers
	at org.thymeleaf.engine.TemplateManager.resolveTemplate(TemplateManager.java:869)
	at org.thymeleaf.engine.TemplateManager.parseAndProcess(TemplateManager.java:607)
	at org.thymeleaf.TemplateEngine.process(TemplateEngine.java:1098)
	at org.thymeleaf.TemplateEngine.process(TemplateEngine.java:1072)
	at org.thymeleaf.spring5.view.ThymeleafView.renderFragment(ThymeleafView.java:362)
	at org.thymeleaf.spring5.view.ThymeleafView.render(ThymeleafView.java:189)
	at org.springframework.web.servlet.DispatcherServlet.render(DispatcherServlet.java:1370)
	at org.springframework.web.servlet.DispatcherServlet.processDispatchResult(DispatcherServlet.java:1116)
	at org.springframework.web.servlet.DispatcherServlet.doDispatch(DispatcherServlet.java:1055)
	at org.springframework.web.servlet.DispatcherServlet.doService(DispatcherServlet.java:942)
	at org.springframework.web.servlet.FrameworkServlet.processRequest(FrameworkServlet.java:1005)
	at org.springframework.web.servlet.FrameworkServlet.doPost(FrameworkServlet.java:908)
	at javax.servlet.http.HttpServlet.service(HttpServlet.java:660)
	at org.springframework.web.servlet.FrameworkServlet.service(FrameworkServlet.java:882)
	at javax.servlet.http.HttpServlet.service(HttpServlet.java:741)
	at org.apache.catalina.core.ApplicationFilterChain.internalDoFilter(ApplicationFilterChain.java:231)
	at org.apache.catalina.core.ApplicationFilterChain.doFilter(ApplicationFilterChain.java:166)
	at org.apache.tomcat.websocket.server.WsFilter.doFilter(WsFilter.java:53)
	at org.apache.catalina.core.ApplicationFilterChain.internalDoFilter(ApplicationFilterChain.java:193)
	at org.apache.catalina.core.ApplicationFilterChain.doFilter(ApplicationFilterChain.java:166)
	at org.springframework.web.filter.RequestContextFilter.doFilterInternal(RequestContextFilter.java:99)
	at org.springframework.web.filter.OncePerRequestFilter.doFilter(OncePerRequestFilter.java:107)
	at org.apache.catalina.core.ApplicationFilterChain.internalDoFilter(ApplicationFilterChain.java:193)
	at org.apache.catalina.core.ApplicationFilterChain.doFilter(ApplicationFilterChain.java:166)
	at org.springframework.web.filter.FormContentFilter.doFilterInternal(FormContentFilter.java:92)
	at org.springframework.web.filter.OncePerRequestFilter.doFilter(OncePerRequestFilter.java:107)
	at org.apache.catalina.core.ApplicationFilterChain.internalDoFilter(ApplicationFilterChain.java:193)
	at org.apache.catalina.core.ApplicationFilterChain.doFilter(ApplicationFilterChain.java:166)
	at org.springframework.web.filter.HiddenHttpMethodFilter.doFilterInternal(HiddenHttpMethodFilter.java:93)
	at org.springframework.web.filter.OncePerRequestFilter.doFilter(OncePerRequestFilter.java:107)
	at org.apache.catalina.core.ApplicationFilterChain.internalDoFilter(ApplicationFilterChain.java:193)
	at org.apache.catalina.core.ApplicationFilterChain.doFilter(ApplicationFilterChain.java:166)
	at org.springframework.web.filter.CharacterEncodingFilter.doFilterInternal(CharacterEncodingFilter.java:200)
	at org.springframework.web.filter.OncePerRequestFilter.doFilter(OncePerRequestFilter.java:107)
	at org.apache.catalina.core.ApplicationFilterChain.internalDoFilter(ApplicationFilterChain.java:193)
	at org.apache.catalina.core.ApplicationFilterChain.doFilter(ApplicationFilterChain.java:166)
	at org.apache.catalina.core.StandardWrapperValve.invoke(StandardWrapperValve.java:200)
	at org.apache.catalina.core.StandardContextValve.invoke(StandardContextValve.java:96)
	at org.apache.catalina.authenticator.AuthenticatorBase.invoke(AuthenticatorBase.java:490)
	at org.apache.catalina.core.StandardHostValve.invoke(StandardHostValve.java:139)
	at org.apache.catalina.valves.ErrorReportValve.invoke(ErrorReportValve.java:92)
	at org.apache.catalina.core.StandardEngineValve.invoke(StandardEngineValve.java:74)
	at org.apache.catalina.connector.CoyoteAdapter.service(CoyoteAdapter.java:343)
	at org.apache.coyote.http11.Http11Processor.service(Http11Processor.java:408)
	at org.apache.coyote.AbstractProcessorLight.process(AbstractProcessorLight.java:66)
	at org.apache.coyote.AbstractProtocol$ConnectionHandler.process(AbstractProtocol.java:834)
	at org.apache.tomcat.util.net.NioEndpoint$SocketProcessor.doRun(NioEndpoint.java:1415)
	at org.apache.tomcat.util.net.SocketProcessorBase.run(SocketProcessorBase.java:49)
	at java.util.concurrent.ThreadPoolExecutor.runWorker(ThreadPoolExecutor.java:1149)
	at java.util.concurrent.ThreadPoolExecutor$Worker.run(ThreadPoolExecutor.java:624)
	at org.apache.tomcat.util.threads.TaskThread$WrappingRunnable.run(TaskThread.java:61)
	at java.lang.Thread.run(Thread.java:748)

2019-05-14 22:00:22
[INFO]-[Thread: background-preinit]-[org.hibernate.validator.internal.util.Version.<clinit>()]: HV000001: Hibernate Validator 6.0.14.Final

2019-05-14 22:00:22
[INFO]-[Thread: restartedMain]-[org.springframework.boot.StartupInfoLogger.logStarting()]: Starting DriverserverApplication on DESKTOP-ALCHGHN with PID 1544 (E:\Desktop\driver\driverserver\target\classes started by hzl in E:\Desktop\driver\driverserver)

2019-05-14 22:00:22
[INFO]-[Thread: restartedMain]-[org.springframework.boot.SpringApplication.logStartupProfileInfo()]: No active profile set, falling back to default profiles: default

2019-05-14 22:00:22
[INFO]-[Thread: restartedMain]-[org.springframework.boot.logging.DeferredLog.logTo()]: Devtools property defaults active! Set 'spring.devtools.add-properties' to 'false' to disable

2019-05-14 22:00:22
[INFO]-[Thread: restartedMain]-[org.springframework.boot.logging.DeferredLog.logTo()]: For additional web related logging consider setting the 'logging.level.web' property to 'DEBUG'

2019-05-14 22:00:23
[WARN]-[Thread: restartedMain]-[org.mybatis.spring.mapper.ClassPathMapperScanner.doScan()]: No MyBatis mapper was found in '[cn.edu.seu.driverserver]' package. Please check your configuration.

2019-05-14 22:00:29
[INFO]-[Thread: background-preinit]-[org.hibernate.validator.internal.util.Version.<clinit>()]: HV000001: Hibernate Validator 6.0.14.Final

2019-05-14 22:00:29
[INFO]-[Thread: restartedMain]-[org.springframework.boot.StartupInfoLogger.logStarting()]: Starting DriverserverApplication on DESKTOP-ALCHGHN with PID 8048 (E:\Desktop\driver\driverserver\target\classes started by hzl in E:\Desktop\driver\driverserver)

2019-05-14 22:00:29
[INFO]-[Thread: restartedMain]-[org.springframework.boot.SpringApplication.logStartupProfileInfo()]: No active profile set, falling back to default profiles: default

2019-05-14 22:00:29
[INFO]-[Thread: restartedMain]-[org.springframework.boot.logging.DeferredLog.logTo()]: Devtools property defaults active! Set 'spring.devtools.add-properties' to 'false' to disable

2019-05-14 22:00:29
[INFO]-[Thread: restartedMain]-[org.springframework.boot.logging.DeferredLog.logTo()]: For additional web related logging consider setting the 'logging.level.web' property to 'DEBUG'

2019-05-14 22:00:30
[WARN]-[Thread: restartedMain]-[org.mybatis.spring.mapper.ClassPathMapperScanner.doScan()]: No MyBatis mapper was found in '[cn.edu.seu.driverserver]' package. Please check your configuration.

2019-05-14 22:00:31
[INFO]-[Thread: restartedMain]-[org.springframework.boot.web.embedded.tomcat.TomcatWebServer.initialize()]: Tomcat initialized with port(s): 8081 (http)

2019-05-14 22:00:32
[INFO]-[Thread: restartedMain]-[org.springframework.boot.web.servlet.context.ServletWebServerApplicationContext.prepareWebApplicationContext()]: Root WebApplicationContext: initialization completed in 2675 ms

2019-05-14 22:00:32
[INFO]-[Thread: restartedMain]-[org.springframework.scheduling.concurrent.ExecutorConfigurationSupport.initialize()]: Initializing ExecutorService 'applicationTaskExecutor'

2019-05-14 22:00:32
[INFO]-[Thread: restartedMain]-[org.springframework.boot.autoconfigure.web.servlet.WelcomePageHandlerMapping.<init>()]: Adding welcome page template: index

2019-05-14 22:00:33
[INFO]-[Thread: restartedMain]-[org.springframework.boot.devtools.autoconfigure.OptionalLiveReloadServer.startServer()]: LiveReload server is running on port 35729

2019-05-14 22:00:33
[INFO]-[Thread: restartedMain]-[org.springframework.boot.web.embedded.tomcat.TomcatWebServer.start()]: Tomcat started on port(s): 8081 (http) with context path ''

2019-05-14 22:00:33
[INFO]-[Thread: restartedMain]-[org.springframework.boot.StartupInfoLogger.logStarted()]: Started DriverserverApplication in 4.154 seconds (JVM running for 4.943)

2019-05-14 22:00:42
[INFO]-[Thread: http-nio-8081-exec-1]-[org.springframework.web.servlet.FrameworkServlet.initServletBean()]: Initializing Servlet 'dispatcherServlet'

2019-05-14 22:00:42
[INFO]-[Thread: http-nio-8081-exec-1]-[org.springframework.web.servlet.FrameworkServlet.initServletBean()]: Completed initialization in 7 ms

2019-05-14 22:01:41
[ERROR]-[Thread: http-nio-8081-exec-3]-[org.thymeleaf.TemplateEngine.process()]: [THYMELEAF][http-nio-8081-exec-3] Exception processing template "doInstall": Error resolving template [doInstall], template might not exist or might not be accessible by any of the configured Template Resolvers
org.thymeleaf.exceptions.TemplateInputException: Error resolving template [doInstall], template might not exist or might not be accessible by any of the configured Template Resolvers
	at org.thymeleaf.engine.TemplateManager.resolveTemplate(TemplateManager.java:869)
	at org.thymeleaf.engine.TemplateManager.parseAndProcess(TemplateManager.java:607)
	at org.thymeleaf.TemplateEngine.process(TemplateEngine.java:1098)
	at org.thymeleaf.TemplateEngine.process(TemplateEngine.java:1072)
	at org.thymeleaf.spring5.view.ThymeleafView.renderFragment(ThymeleafView.java:362)
	at org.thymeleaf.spring5.view.ThymeleafView.render(ThymeleafView.java:189)
	at org.springframework.web.servlet.DispatcherServlet.render(DispatcherServlet.java:1370)
	at org.springframework.web.servlet.DispatcherServlet.processDispatchResult(DispatcherServlet.java:1116)
	at org.springframework.web.servlet.DispatcherServlet.doDispatch(DispatcherServlet.java:1055)
	at org.springframework.web.servlet.DispatcherServlet.doService(DispatcherServlet.java:942)
	at org.springframework.web.servlet.FrameworkServlet.processRequest(FrameworkServlet.java:1005)
	at org.springframework.web.servlet.FrameworkServlet.doPost(FrameworkServlet.java:908)
	at javax.servlet.http.HttpServlet.service(HttpServlet.java:660)
	at org.springframework.web.servlet.FrameworkServlet.service(FrameworkServlet.java:882)
	at javax.servlet.http.HttpServlet.service(HttpServlet.java:741)
	at org.apache.catalina.core.ApplicationFilterChain.internalDoFilter(ApplicationFilterChain.java:231)
	at org.apache.catalina.core.ApplicationFilterChain.doFilter(ApplicationFilterChain.java:166)
	at org.apache.tomcat.websocket.server.WsFilter.doFilter(WsFilter.java:53)
	at org.apache.catalina.core.ApplicationFilterChain.internalDoFilter(ApplicationFilterChain.java:193)
	at org.apache.catalina.core.ApplicationFilterChain.doFilter(ApplicationFilterChain.java:166)
	at org.springframework.web.filter.RequestContextFilter.doFilterInternal(RequestContextFilter.java:99)
	at org.springframework.web.filter.OncePerRequestFilter.doFilter(OncePerRequestFilter.java:107)
	at org.apache.catalina.core.ApplicationFilterChain.internalDoFilter(ApplicationFilterChain.java:193)
	at org.apache.catalina.core.ApplicationFilterChain.doFilter(ApplicationFilterChain.java:166)
	at org.springframework.web.filter.FormContentFilter.doFilterInternal(FormContentFilter.java:92)
	at org.springframework.web.filter.OncePerRequestFilter.doFilter(OncePerRequestFilter.java:107)
	at org.apache.catalina.core.ApplicationFilterChain.internalDoFilter(ApplicationFilterChain.java:193)
	at org.apache.catalina.core.ApplicationFilterChain.doFilter(ApplicationFilterChain.java:166)
	at org.springframework.web.filter.HiddenHttpMethodFilter.doFilterInternal(HiddenHttpMethodFilter.java:93)
	at org.springframework.web.filter.OncePerRequestFilter.doFilter(OncePerRequestFilter.java:107)
	at org.apache.catalina.core.ApplicationFilterChain.internalDoFilter(ApplicationFilterChain.java:193)
	at org.apache.catalina.core.ApplicationFilterChain.doFilter(ApplicationFilterChain.java:166)
	at org.springframework.web.filter.CharacterEncodingFilter.doFilterInternal(CharacterEncodingFilter.java:200)
	at org.springframework.web.filter.OncePerRequestFilter.doFilter(OncePerRequestFilter.java:107)
	at org.apache.catalina.core.ApplicationFilterChain.internalDoFilter(ApplicationFilterChain.java:193)
	at org.apache.catalina.core.ApplicationFilterChain.doFilter(ApplicationFilterChain.java:166)
	at org.apache.catalina.core.StandardWrapperValve.invoke(StandardWrapperValve.java:200)
	at org.apache.catalina.core.StandardContextValve.invoke(StandardContextValve.java:96)
	at org.apache.catalina.authenticator.AuthenticatorBase.invoke(AuthenticatorBase.java:490)
	at org.apache.catalina.core.StandardHostValve.invoke(StandardHostValve.java:139)
	at org.apache.catalina.valves.ErrorReportValve.invoke(ErrorReportValve.java:92)
	at org.apache.catalina.core.StandardEngineValve.invoke(StandardEngineValve.java:74)
	at org.apache.catalina.connector.CoyoteAdapter.service(CoyoteAdapter.java:343)
	at org.apache.coyote.http11.Http11Processor.service(Http11Processor.java:408)
	at org.apache.coyote.AbstractProcessorLight.process(AbstractProcessorLight.java:66)
	at org.apache.coyote.AbstractProtocol$ConnectionHandler.process(AbstractProtocol.java:834)
	at org.apache.tomcat.util.net.NioEndpoint$SocketProcessor.doRun(NioEndpoint.java:1415)
	at org.apache.tomcat.util.net.SocketProcessorBase.run(SocketProcessorBase.java:49)
	at java.util.concurrent.ThreadPoolExecutor.runWorker(ThreadPoolExecutor.java:1149)
	at java.util.concurrent.ThreadPoolExecutor$Worker.run(ThreadPoolExecutor.java:624)
	at org.apache.tomcat.util.threads.TaskThread$WrappingRunnable.run(TaskThread.java:61)
	at java.lang.Thread.run(Thread.java:748)

2019-05-14 22:01:41
[ERROR]-[Thread: http-nio-8081-exec-1]-[org.thymeleaf.TemplateEngine.process()]: [THYMELEAF][http-nio-8081-exec-1] Exception processing template "doInstall": Error resolving template [doInstall], template might not exist or might not be accessible by any of the configured Template Resolvers
org.thymeleaf.exceptions.TemplateInputException: Error resolving template [doInstall], template might not exist or might not be accessible by any of the configured Template Resolvers
	at org.thymeleaf.engine.TemplateManager.resolveTemplate(TemplateManager.java:869)
	at org.thymeleaf.engine.TemplateManager.parseAndProcess(TemplateManager.java:607)
	at org.thymeleaf.TemplateEngine.process(TemplateEngine.java:1098)
	at org.thymeleaf.TemplateEngine.process(TemplateEngine.java:1072)
	at org.thymeleaf.spring5.view.ThymeleafView.renderFragment(ThymeleafView.java:362)
	at org.thymeleaf.spring5.view.ThymeleafView.render(ThymeleafView.java:189)
	at org.springframework.web.servlet.DispatcherServlet.render(DispatcherServlet.java:1370)
	at org.springframework.web.servlet.DispatcherServlet.processDispatchResult(DispatcherServlet.java:1116)
	at org.springframework.web.servlet.DispatcherServlet.doDispatch(DispatcherServlet.java:1055)
	at org.springframework.web.servlet.DispatcherServlet.doService(DispatcherServlet.java:942)
	at org.springframework.web.servlet.FrameworkServlet.processRequest(FrameworkServlet.java:1005)
	at org.springframework.web.servlet.FrameworkServlet.doPost(FrameworkServlet.java:908)
	at javax.servlet.http.HttpServlet.service(HttpServlet.java:660)
	at org.springframework.web.servlet.FrameworkServlet.service(FrameworkServlet.java:882)
	at javax.servlet.http.HttpServlet.service(HttpServlet.java:741)
	at org.apache.catalina.core.ApplicationFilterChain.internalDoFilter(ApplicationFilterChain.java:231)
	at org.apache.catalina.core.ApplicationFilterChain.doFilter(ApplicationFilterChain.java:166)
	at org.apache.tomcat.websocket.server.WsFilter.doFilter(WsFilter.java:53)
	at org.apache.catalina.core.ApplicationFilterChain.internalDoFilter(ApplicationFilterChain.java:193)
	at org.apache.catalina.core.ApplicationFilterChain.doFilter(ApplicationFilterChain.java:166)
	at org.springframework.web.filter.RequestContextFilter.doFilterInternal(RequestContextFilter.java:99)
	at org.springframework.web.filter.OncePerRequestFilter.doFilter(OncePerRequestFilter.java:107)
	at org.apache.catalina.core.ApplicationFilterChain.internalDoFilter(ApplicationFilterChain.java:193)
	at org.apache.catalina.core.ApplicationFilterChain.doFilter(ApplicationFilterChain.java:166)
	at org.springframework.web.filter.FormContentFilter.doFilterInternal(FormContentFilter.java:92)
	at org.springframework.web.filter.OncePerRequestFilter.doFilter(OncePerRequestFilter.java:107)
	at org.apache.catalina.core.ApplicationFilterChain.internalDoFilter(ApplicationFilterChain.java:193)
	at org.apache.catalina.core.ApplicationFilterChain.doFilter(ApplicationFilterChain.java:166)
	at org.springframework.web.filter.HiddenHttpMethodFilter.doFilterInternal(HiddenHttpMethodFilter.java:93)
	at org.springframework.web.filter.OncePerRequestFilter.doFilter(OncePerRequestFilter.java:107)
	at org.apache.catalina.core.ApplicationFilterChain.internalDoFilter(ApplicationFilterChain.java:193)
	at org.apache.catalina.core.ApplicationFilterChain.doFilter(ApplicationFilterChain.java:166)
	at org.springframework.web.filter.CharacterEncodingFilter.doFilterInternal(CharacterEncodingFilter.java:200)
	at org.springframework.web.filter.OncePerRequestFilter.doFilter(OncePerRequestFilter.java:107)
	at org.apache.catalina.core.ApplicationFilterChain.internalDoFilter(ApplicationFilterChain.java:193)
	at org.apache.catalina.core.ApplicationFilterChain.doFilter(ApplicationFilterChain.java:166)
	at org.apache.catalina.core.StandardWrapperValve.invoke(StandardWrapperValve.java:200)
	at org.apache.catalina.core.StandardContextValve.invoke(StandardContextValve.java:96)
	at org.apache.catalina.authenticator.AuthenticatorBase.invoke(AuthenticatorBase.java:490)
	at org.apache.catalina.core.StandardHostValve.invoke(StandardHostValve.java:139)
	at org.apache.catalina.valves.ErrorReportValve.invoke(ErrorReportValve.java:92)
	at org.apache.catalina.core.StandardEngineValve.invoke(StandardEngineValve.java:74)
	at org.apache.catalina.connector.CoyoteAdapter.service(CoyoteAdapter.java:343)
	at org.apache.coyote.http11.Http11Processor.service(Http11Processor.java:408)
	at org.apache.coyote.AbstractProcessorLight.process(AbstractProcessorLight.java:66)
	at org.apache.coyote.AbstractProtocol$ConnectionHandler.process(AbstractProtocol.java:834)
	at org.apache.tomcat.util.net.NioEndpoint$SocketProcessor.doRun(NioEndpoint.java:1415)
	at org.apache.tomcat.util.net.SocketProcessorBase.run(SocketProcessorBase.java:49)
	at java.util.concurrent.ThreadPoolExecutor.runWorker(ThreadPoolExecutor.java:1149)
	at java.util.concurrent.ThreadPoolExecutor$Worker.run(ThreadPoolExecutor.java:624)
	at org.apache.tomcat.util.threads.TaskThread$WrappingRunnable.run(TaskThread.java:61)
	at java.lang.Thread.run(Thread.java:748)

2019-05-14 22:01:50
[INFO]-[Thread: background-preinit]-[org.hibernate.validator.internal.util.Version.<clinit>()]: HV000001: Hibernate Validator 6.0.14.Final

2019-05-14 22:01:50
[INFO]-[Thread: restartedMain]-[org.springframework.boot.StartupInfoLogger.logStarting()]: Starting DriverserverApplication on DESKTOP-ALCHGHN with PID 13600 (E:\Desktop\driver\driverserver\target\classes started by hzl in E:\Desktop\driver\driverserver)

2019-05-14 22:01:50
[INFO]-[Thread: restartedMain]-[org.springframework.boot.SpringApplication.logStartupProfileInfo()]: No active profile set, falling back to default profiles: default

2019-05-14 22:01:50
[INFO]-[Thread: restartedMain]-[org.springframework.boot.logging.DeferredLog.logTo()]: Devtools property defaults active! Set 'spring.devtools.add-properties' to 'false' to disable

2019-05-14 22:01:50
[INFO]-[Thread: restartedMain]-[org.springframework.boot.logging.DeferredLog.logTo()]: For additional web related logging consider setting the 'logging.level.web' property to 'DEBUG'

2019-05-14 22:01:51
[WARN]-[Thread: restartedMain]-[org.mybatis.spring.mapper.ClassPathMapperScanner.doScan()]: No MyBatis mapper was found in '[cn.edu.seu.driverserver]' package. Please check your configuration.

2019-05-14 22:01:53
[INFO]-[Thread: restartedMain]-[org.springframework.boot.web.embedded.tomcat.TomcatWebServer.initialize()]: Tomcat initialized with port(s): 8081 (http)

2019-05-14 22:01:53
[INFO]-[Thread: restartedMain]-[org.springframework.boot.web.servlet.context.ServletWebServerApplicationContext.prepareWebApplicationContext()]: Root WebApplicationContext: initialization completed in 2863 ms

2019-05-14 22:01:53
[INFO]-[Thread: restartedMain]-[org.springframework.scheduling.concurrent.ExecutorConfigurationSupport.initialize()]: Initializing ExecutorService 'applicationTaskExecutor'

2019-05-14 22:01:54
[INFO]-[Thread: restartedMain]-[org.springframework.boot.autoconfigure.web.servlet.WelcomePageHandlerMapping.<init>()]: Adding welcome page template: index

2019-05-14 22:01:54
[INFO]-[Thread: restartedMain]-[org.springframework.boot.devtools.autoconfigure.OptionalLiveReloadServer.startServer()]: LiveReload server is running on port 35729

2019-05-14 22:01:54
[INFO]-[Thread: restartedMain]-[org.springframework.boot.web.embedded.tomcat.TomcatWebServer.start()]: Tomcat started on port(s): 8081 (http) with context path ''

2019-05-14 22:01:54
[INFO]-[Thread: restartedMain]-[org.springframework.boot.StartupInfoLogger.logStarted()]: Started DriverserverApplication in 4.332 seconds (JVM running for 5.072)

2019-05-14 22:02:09
[INFO]-[Thread: http-nio-8081-exec-1]-[org.springframework.web.servlet.FrameworkServlet.initServletBean()]: Initializing Servlet 'dispatcherServlet'

2019-05-14 22:02:09
[INFO]-[Thread: http-nio-8081-exec-1]-[org.springframework.web.servlet.FrameworkServlet.initServletBean()]: Completed initialization in 10 ms

2019-05-14 22:02:46
[ERROR]-[Thread: http-nio-8081-exec-1]-[org.thymeleaf.TemplateEngine.process()]: [THYMELEAF][http-nio-8081-exec-1] Exception processing template "doInstall": Error resolving template [doInstall], template might not exist or might not be accessible by any of the configured Template Resolvers
org.thymeleaf.exceptions.TemplateInputException: Error resolving template [doInstall], template might not exist or might not be accessible by any of the configured Template Resolvers
	at org.thymeleaf.engine.TemplateManager.resolveTemplate(TemplateManager.java:869)
	at org.thymeleaf.engine.TemplateManager.parseAndProcess(TemplateManager.java:607)
	at org.thymeleaf.TemplateEngine.process(TemplateEngine.java:1098)
	at org.thymeleaf.TemplateEngine.process(TemplateEngine.java:1072)
	at org.thymeleaf.spring5.view.ThymeleafView.renderFragment(ThymeleafView.java:362)
	at org.thymeleaf.spring5.view.ThymeleafView.render(ThymeleafView.java:189)
	at org.springframework.web.servlet.DispatcherServlet.render(DispatcherServlet.java:1370)
	at org.springframework.web.servlet.DispatcherServlet.processDispatchResult(DispatcherServlet.java:1116)
	at org.springframework.web.servlet.DispatcherServlet.doDispatch(DispatcherServlet.java:1055)
	at org.springframework.web.servlet.DispatcherServlet.doService(DispatcherServlet.java:942)
	at org.springframework.web.servlet.FrameworkServlet.processRequest(FrameworkServlet.java:1005)
	at org.springframework.web.servlet.FrameworkServlet.doPost(FrameworkServlet.java:908)
	at javax.servlet.http.HttpServlet.service(HttpServlet.java:660)
	at org.springframework.web.servlet.FrameworkServlet.service(FrameworkServlet.java:882)
	at javax.servlet.http.HttpServlet.service(HttpServlet.java:741)
	at org.apache.catalina.core.ApplicationFilterChain.internalDoFilter(ApplicationFilterChain.java:231)
	at org.apache.catalina.core.ApplicationFilterChain.doFilter(ApplicationFilterChain.java:166)
	at org.apache.tomcat.websocket.server.WsFilter.doFilter(WsFilter.java:53)
	at org.apache.catalina.core.ApplicationFilterChain.internalDoFilter(ApplicationFilterChain.java:193)
	at org.apache.catalina.core.ApplicationFilterChain.doFilter(ApplicationFilterChain.java:166)
	at org.springframework.web.filter.RequestContextFilter.doFilterInternal(RequestContextFilter.java:99)
	at org.springframework.web.filter.OncePerRequestFilter.doFilter(OncePerRequestFilter.java:107)
	at org.apache.catalina.core.ApplicationFilterChain.internalDoFilter(ApplicationFilterChain.java:193)
	at org.apache.catalina.core.ApplicationFilterChain.doFilter(ApplicationFilterChain.java:166)
	at org.springframework.web.filter.FormContentFilter.doFilterInternal(FormContentFilter.java:92)
	at org.springframework.web.filter.OncePerRequestFilter.doFilter(OncePerRequestFilter.java:107)
	at org.apache.catalina.core.ApplicationFilterChain.internalDoFilter(ApplicationFilterChain.java:193)
	at org.apache.catalina.core.ApplicationFilterChain.doFilter(ApplicationFilterChain.java:166)
	at org.springframework.web.filter.HiddenHttpMethodFilter.doFilterInternal(HiddenHttpMethodFilter.java:93)
	at org.springframework.web.filter.OncePerRequestFilter.doFilter(OncePerRequestFilter.java:107)
	at org.apache.catalina.core.ApplicationFilterChain.internalDoFilter(ApplicationFilterChain.java:193)
	at org.apache.catalina.core.ApplicationFilterChain.doFilter(ApplicationFilterChain.java:166)
	at org.springframework.web.filter.CharacterEncodingFilter.doFilterInternal(CharacterEncodingFilter.java:200)
	at org.springframework.web.filter.OncePerRequestFilter.doFilter(OncePerRequestFilter.java:107)
	at org.apache.catalina.core.ApplicationFilterChain.internalDoFilter(ApplicationFilterChain.java:193)
	at org.apache.catalina.core.ApplicationFilterChain.doFilter(ApplicationFilterChain.java:166)
	at org.apache.catalina.core.StandardWrapperValve.invoke(StandardWrapperValve.java:200)
	at org.apache.catalina.core.StandardContextValve.invoke(StandardContextValve.java:96)
	at org.apache.catalina.authenticator.AuthenticatorBase.invoke(AuthenticatorBase.java:490)
	at org.apache.catalina.core.StandardHostValve.invoke(StandardHostValve.java:139)
	at org.apache.catalina.valves.ErrorReportValve.invoke(ErrorReportValve.java:92)
	at org.apache.catalina.core.StandardEngineValve.invoke(StandardEngineValve.java:74)
	at org.apache.catalina.connector.CoyoteAdapter.service(CoyoteAdapter.java:343)
	at org.apache.coyote.http11.Http11Processor.service(Http11Processor.java:408)
	at org.apache.coyote.AbstractProcessorLight.process(AbstractProcessorLight.java:66)
	at org.apache.coyote.AbstractProtocol$ConnectionHandler.process(AbstractProtocol.java:834)
	at org.apache.tomcat.util.net.NioEndpoint$SocketProcessor.doRun(NioEndpoint.java:1415)
	at org.apache.tomcat.util.net.SocketProcessorBase.run(SocketProcessorBase.java:49)
	at java.util.concurrent.ThreadPoolExecutor.runWorker(ThreadPoolExecutor.java:1149)
	at java.util.concurrent.ThreadPoolExecutor$Worker.run(ThreadPoolExecutor.java:624)
	at org.apache.tomcat.util.threads.TaskThread$WrappingRunnable.run(TaskThread.java:61)
	at java.lang.Thread.run(Thread.java:748)

2019-05-14 22:03:09
[ERROR]-[Thread: http-nio-8081-exec-8]-[org.thymeleaf.TemplateEngine.process()]: [THYMELEAF][http-nio-8081-exec-8] Exception processing template "doInstall": Error resolving template [doInstall], template might not exist or might not be accessible by any of the configured Template Resolvers
org.thymeleaf.exceptions.TemplateInputException: Error resolving template [doInstall], template might not exist or might not be accessible by any of the configured Template Resolvers
	at org.thymeleaf.engine.TemplateManager.resolveTemplate(TemplateManager.java:869)
	at org.thymeleaf.engine.TemplateManager.parseAndProcess(TemplateManager.java:607)
	at org.thymeleaf.TemplateEngine.process(TemplateEngine.java:1098)
	at org.thymeleaf.TemplateEngine.process(TemplateEngine.java:1072)
	at org.thymeleaf.spring5.view.ThymeleafView.renderFragment(ThymeleafView.java:362)
	at org.thymeleaf.spring5.view.ThymeleafView.render(ThymeleafView.java:189)
	at org.springframework.web.servlet.DispatcherServlet.render(DispatcherServlet.java:1370)
	at org.springframework.web.servlet.DispatcherServlet.processDispatchResult(DispatcherServlet.java:1116)
	at org.springframework.web.servlet.DispatcherServlet.doDispatch(DispatcherServlet.java:1055)
	at org.springframework.web.servlet.DispatcherServlet.doService(DispatcherServlet.java:942)
	at org.springframework.web.servlet.FrameworkServlet.processRequest(FrameworkServlet.java:1005)
	at org.springframework.web.servlet.FrameworkServlet.doPost(FrameworkServlet.java:908)
	at javax.servlet.http.HttpServlet.service(HttpServlet.java:660)
	at org.springframework.web.servlet.FrameworkServlet.service(FrameworkServlet.java:882)
	at javax.servlet.http.HttpServlet.service(HttpServlet.java:741)
	at org.apache.catalina.core.ApplicationFilterChain.internalDoFilter(ApplicationFilterChain.java:231)
	at org.apache.catalina.core.ApplicationFilterChain.doFilter(ApplicationFilterChain.java:166)
	at org.apache.tomcat.websocket.server.WsFilter.doFilter(WsFilter.java:53)
	at org.apache.catalina.core.ApplicationFilterChain.internalDoFilter(ApplicationFilterChain.java:193)
	at org.apache.catalina.core.ApplicationFilterChain.doFilter(ApplicationFilterChain.java:166)
	at org.springframework.web.filter.RequestContextFilter.doFilterInternal(RequestContextFilter.java:99)
	at org.springframework.web.filter.OncePerRequestFilter.doFilter(OncePerRequestFilter.java:107)
	at org.apache.catalina.core.ApplicationFilterChain.internalDoFilter(ApplicationFilterChain.java:193)
	at org.apache.catalina.core.ApplicationFilterChain.doFilter(ApplicationFilterChain.java:166)
	at org.springframework.web.filter.FormContentFilter.doFilterInternal(FormContentFilter.java:92)
	at org.springframework.web.filter.OncePerRequestFilter.doFilter(OncePerRequestFilter.java:107)
	at org.apache.catalina.core.ApplicationFilterChain.internalDoFilter(ApplicationFilterChain.java:193)
	at org.apache.catalina.core.ApplicationFilterChain.doFilter(ApplicationFilterChain.java:166)
	at org.springframework.web.filter.HiddenHttpMethodFilter.doFilterInternal(HiddenHttpMethodFilter.java:93)
	at org.springframework.web.filter.OncePerRequestFilter.doFilter(OncePerRequestFilter.java:107)
	at org.apache.catalina.core.ApplicationFilterChain.internalDoFilter(ApplicationFilterChain.java:193)
	at org.apache.catalina.core.ApplicationFilterChain.doFilter(ApplicationFilterChain.java:166)
	at org.springframework.web.filter.CharacterEncodingFilter.doFilterInternal(CharacterEncodingFilter.java:200)
	at org.springframework.web.filter.OncePerRequestFilter.doFilter(OncePerRequestFilter.java:107)
	at org.apache.catalina.core.ApplicationFilterChain.internalDoFilter(ApplicationFilterChain.java:193)
	at org.apache.catalina.core.ApplicationFilterChain.doFilter(ApplicationFilterChain.java:166)
	at org.apache.catalina.core.StandardWrapperValve.invoke(StandardWrapperValve.java:200)
	at org.apache.catalina.core.StandardContextValve.invoke(StandardContextValve.java:96)
	at org.apache.catalina.authenticator.AuthenticatorBase.invoke(AuthenticatorBase.java:490)
	at org.apache.catalina.core.StandardHostValve.invoke(StandardHostValve.java:139)
	at org.apache.catalina.valves.ErrorReportValve.invoke(ErrorReportValve.java:92)
	at org.apache.catalina.core.StandardEngineValve.invoke(StandardEngineValve.java:74)
	at org.apache.catalina.connector.CoyoteAdapter.service(CoyoteAdapter.java:343)
	at org.apache.coyote.http11.Http11Processor.service(Http11Processor.java:408)
	at org.apache.coyote.AbstractProcessorLight.process(AbstractProcessorLight.java:66)
	at org.apache.coyote.AbstractProtocol$ConnectionHandler.process(AbstractProtocol.java:834)
	at org.apache.tomcat.util.net.NioEndpoint$SocketProcessor.doRun(NioEndpoint.java:1415)
	at org.apache.tomcat.util.net.SocketProcessorBase.run(SocketProcessorBase.java:49)
	at java.util.concurrent.ThreadPoolExecutor.runWorker(ThreadPoolExecutor.java:1149)
	at java.util.concurrent.ThreadPoolExecutor$Worker.run(ThreadPoolExecutor.java:624)
	at org.apache.tomcat.util.threads.TaskThread$WrappingRunnable.run(TaskThread.java:61)
	at java.lang.Thread.run(Thread.java:748)

2019-05-14 22:05:28
[INFO]-[Thread: background-preinit]-[org.hibernate.validator.internal.util.Version.<clinit>()]: HV000001: Hibernate Validator 6.0.14.Final

2019-05-14 22:05:28
[INFO]-[Thread: restartedMain]-[org.springframework.boot.StartupInfoLogger.logStarting()]: Starting DriverserverApplication on DESKTOP-ALCHGHN with PID 14676 (E:\Desktop\driver\driverserver\target\classes started by hzl in E:\Desktop\driver\driverserver)

2019-05-14 22:05:28
[INFO]-[Thread: restartedMain]-[org.springframework.boot.SpringApplication.logStartupProfileInfo()]: No active profile set, falling back to default profiles: default

2019-05-14 22:05:28
[INFO]-[Thread: restartedMain]-[org.springframework.boot.logging.DeferredLog.logTo()]: Devtools property defaults active! Set 'spring.devtools.add-properties' to 'false' to disable

2019-05-14 22:05:28
[INFO]-[Thread: restartedMain]-[org.springframework.boot.logging.DeferredLog.logTo()]: For additional web related logging consider setting the 'logging.level.web' property to 'DEBUG'

2019-05-14 22:05:33
[INFO]-[Thread: background-preinit]-[org.hibernate.validator.internal.util.Version.<clinit>()]: HV000001: Hibernate Validator 6.0.14.Final

2019-05-14 22:05:33
[INFO]-[Thread: restartedMain]-[org.springframework.boot.StartupInfoLogger.logStarting()]: Starting DriverserverApplication on DESKTOP-ALCHGHN with PID 15188 (E:\Desktop\driver\driverserver\target\classes started by hzl in E:\Desktop\driver\driverserver)

2019-05-14 22:05:33
[INFO]-[Thread: restartedMain]-[org.springframework.boot.SpringApplication.logStartupProfileInfo()]: No active profile set, falling back to default profiles: default

2019-05-14 22:05:33
[INFO]-[Thread: restartedMain]-[org.springframework.boot.logging.DeferredLog.logTo()]: Devtools property defaults active! Set 'spring.devtools.add-properties' to 'false' to disable

2019-05-14 22:05:33
[INFO]-[Thread: restartedMain]-[org.springframework.boot.logging.DeferredLog.logTo()]: For additional web related logging consider setting the 'logging.level.web' property to 'DEBUG'

2019-05-14 22:05:34
[WARN]-[Thread: restartedMain]-[org.mybatis.spring.mapper.ClassPathMapperScanner.doScan()]: No MyBatis mapper was found in '[cn.edu.seu.driverserver]' package. Please check your configuration.

2019-05-14 22:05:36
[INFO]-[Thread: restartedMain]-[org.springframework.boot.web.embedded.tomcat.TomcatWebServer.initialize()]: Tomcat initialized with port(s): 8081 (http)

2019-05-14 22:05:36
[INFO]-[Thread: restartedMain]-[org.springframework.boot.web.servlet.context.ServletWebServerApplicationContext.prepareWebApplicationContext()]: Root WebApplicationContext: initialization completed in 2866 ms

2019-05-14 22:05:36
[INFO]-[Thread: restartedMain]-[org.springframework.scheduling.concurrent.ExecutorConfigurationSupport.initialize()]: Initializing ExecutorService 'applicationTaskExecutor'

2019-05-14 22:05:37
[INFO]-[Thread: restartedMain]-[org.springframework.boot.autoconfigure.web.servlet.WelcomePageHandlerMapping.<init>()]: Adding welcome page template: index

2019-05-14 22:05:37
[INFO]-[Thread: restartedMain]-[org.springframework.boot.devtools.autoconfigure.OptionalLiveReloadServer.startServer()]: LiveReload server is running on port 35729

2019-05-14 22:05:37
[INFO]-[Thread: restartedMain]-[org.springframework.boot.web.embedded.tomcat.TomcatWebServer.start()]: Tomcat started on port(s): 8081 (http) with context path ''

2019-05-14 22:05:37
[INFO]-[Thread: restartedMain]-[org.springframework.boot.StartupInfoLogger.logStarted()]: Started DriverserverApplication in 4.421 seconds (JVM running for 5.285)

2019-05-14 22:05:41
[INFO]-[Thread: http-nio-8081-exec-1]-[org.springframework.web.servlet.FrameworkServlet.initServletBean()]: Initializing Servlet 'dispatcherServlet'

2019-05-14 22:05:41
[INFO]-[Thread: http-nio-8081-exec-1]-[org.springframework.web.servlet.FrameworkServlet.initServletBean()]: Completed initialization in 10 ms
