
2019-05-21 00:54:06
[INFO]-[Thread: SessionValidationThread-1]-[org.apache.shiro.session.mgt.AbstractValidatingSessionManager.validateSessions()]: Validating all active sessions...

2019-05-21 00:54:06
[INFO]-[Thread: SessionValidationThread-1]-[org.apache.shiro.session.mgt.AbstractValidatingSessionManager.validateSessions()]: Finished session validation.  No sessions were stopped.

2019-05-21 01:54:06
[INFO]-[Thread: SessionValidationThread-1]-[org.apache.shiro.session.mgt.AbstractValidatingSessionManager.validateSessions()]: Validating all active sessions...

2019-05-21 01:54:06
[INFO]-[Thread: SessionValidationThread-1]-[org.apache.shiro.session.mgt.AbstractValidatingSessionManager.validateSessions()]: Finished session validation.  No sessions were stopped.

2019-05-21 02:54:06
[INFO]-[Thread: SessionValidationThread-1]-[org.apache.shiro.session.mgt.AbstractValidatingSessionManager.validateSessions()]: Validating all active sessions...

2019-05-21 02:54:06
[INFO]-[Thread: SessionValidationThread-1]-[org.apache.shiro.session.mgt.AbstractValidatingSessionManager.validateSessions()]: Finished session validation.  No sessions were stopped.

2019-05-21 03:54:06
[INFO]-[Thread: SessionValidationThread-1]-[org.apache.shiro.session.mgt.AbstractValidatingSessionManager.validateSessions()]: Validating all active sessions...

2019-05-21 03:54:06
[INFO]-[Thread: SessionValidationThread-1]-[org.apache.shiro.session.mgt.AbstractValidatingSessionManager.validateSessions()]: Finished session validation.  No sessions were stopped.

2019-05-21 04:54:06
[INFO]-[Thread: SessionValidationThread-1]-[org.apache.shiro.session.mgt.AbstractValidatingSessionManager.validateSessions()]: Validating all active sessions...

2019-05-21 04:54:06
[INFO]-[Thread: SessionValidationThread-1]-[org.apache.shiro.session.mgt.AbstractValidatingSessionManager.validateSessions()]: Finished session validation.  No sessions were stopped.

2019-05-21 05:54:06
[INFO]-[Thread: SessionValidationThread-1]-[org.apache.shiro.session.mgt.AbstractValidatingSessionManager.validateSessions()]: Validating all active sessions...

2019-05-21 05:54:06
[INFO]-[Thread: SessionValidationThread-1]-[org.apache.shiro.session.mgt.AbstractValidatingSessionManager.validateSessions()]: Finished session validation.  No sessions were stopped.

2019-05-21 06:54:06
[INFO]-[Thread: SessionValidationThread-1]-[org.apache.shiro.session.mgt.AbstractValidatingSessionManager.validateSessions()]: Validating all active sessions...

2019-05-21 06:54:06
[INFO]-[Thread: SessionValidationThread-1]-[org.apache.shiro.session.mgt.AbstractValidatingSessionManager.validateSessions()]: Finished session validation.  No sessions were stopped.

2019-05-21 07:54:06
[INFO]-[Thread: SessionValidationThread-1]-[org.apache.shiro.session.mgt.AbstractValidatingSessionManager.validateSessions()]: Validating all active sessions...

2019-05-21 07:54:06
[INFO]-[Thread: SessionValidationThread-1]-[org.apache.shiro.session.mgt.AbstractValidatingSessionManager.validateSessions()]: Finished session validation.  No sessions were stopped.

2019-05-21 08:54:06
[INFO]-[Thread: SessionValidationThread-1]-[org.apache.shiro.session.mgt.AbstractValidatingSessionManager.validateSessions()]: Validating all active sessions...

2019-05-21 08:54:06
[INFO]-[Thread: SessionValidationThread-1]-[org.apache.shiro.session.mgt.AbstractValidatingSessionManager.validateSessions()]: Finished session validation.  No sessions were stopped.

2019-05-21 09:54:06
[INFO]-[Thread: SessionValidationThread-1]-[org.apache.shiro.session.mgt.AbstractValidatingSessionManager.validateSessions()]: Validating all active sessions...

2019-05-21 09:54:06
[INFO]-[Thread: SessionValidationThread-1]-[org.apache.shiro.session.mgt.AbstractValidatingSessionManager.validateSessions()]: Finished session validation.  No sessions were stopped.

2019-05-21 10:05:56
[INFO]-[Thread: http-nio-8081-exec-3]-[cn.edu.seu.driverserver.controller.UserController.doLogin()]: null>>>login

2019-05-21 10:54:06
[INFO]-[Thread: SessionValidationThread-1]-[org.apache.shiro.session.mgt.AbstractValidatingSessionManager.validateSessions()]: Validating all active sessions...

2019-05-21 10:54:06
[INFO]-[Thread: SessionValidationThread-1]-[org.apache.shiro.session.mgt.AbstractValidatingSessionManager.validateSessions()]: Finished session validation.  [1] sessions were stopped.

2019-05-21 11:54:06
[INFO]-[Thread: SessionValidationThread-1]-[org.apache.shiro.session.mgt.AbstractValidatingSessionManager.validateSessions()]: Validating all active sessions...

2019-05-21 11:54:06
[INFO]-[Thread: SessionValidationThread-1]-[org.apache.shiro.session.mgt.AbstractValidatingSessionManager.validateSessions()]: Finished session validation.  No sessions were stopped.

2019-05-21 12:54:06
[INFO]-[Thread: SessionValidationThread-1]-[org.apache.shiro.session.mgt.AbstractValidatingSessionManager.validateSessions()]: Validating all active sessions...

2019-05-21 12:54:06
[INFO]-[Thread: SessionValidationThread-1]-[org.apache.shiro.session.mgt.AbstractValidatingSessionManager.validateSessions()]: Finished session validation.  No sessions were stopped.

2019-05-21 13:54:06
[INFO]-[Thread: SessionValidationThread-1]-[org.apache.shiro.session.mgt.AbstractValidatingSessionManager.validateSessions()]: Validating all active sessions...

2019-05-21 13:54:06
[INFO]-[Thread: SessionValidationThread-1]-[org.apache.shiro.session.mgt.AbstractValidatingSessionManager.validateSessions()]: Finished session validation.  No sessions were stopped.

2019-05-21 14:54:06
[INFO]-[Thread: SessionValidationThread-1]-[org.apache.shiro.session.mgt.AbstractValidatingSessionManager.validateSessions()]: Validating all active sessions...

2019-05-21 14:54:06
[INFO]-[Thread: SessionValidationThread-1]-[org.apache.shiro.session.mgt.AbstractValidatingSessionManager.validateSessions()]: Finished session validation.  No sessions were stopped.

2019-05-21 15:54:06
[INFO]-[Thread: SessionValidationThread-1]-[org.apache.shiro.session.mgt.AbstractValidatingSessionManager.validateSessions()]: Validating all active sessions...

2019-05-21 15:54:06
[INFO]-[Thread: SessionValidationThread-1]-[org.apache.shiro.session.mgt.AbstractValidatingSessionManager.validateSessions()]: Finished session validation.  [1] sessions were stopped.

2019-05-21 16:47:24
[INFO]-[Thread: http-nio-8081-exec-9]-[cn.edu.seu.driverserver.controller.UserController.doLogin()]: nullSubmitted credentials for token [org.apache.shiro.authc.UsernamePasswordToken - admin, rememberMe=false] did not match the expected credentials.

2019-05-21 16:47:30
[INFO]-[Thread: http-nio-8081-exec-8]-[cn.edu.seu.driverserver.controller.UserController.doLogin()]: null>>>login

2019-05-21 16:54:06
[INFO]-[Thread: SessionValidationThread-1]-[org.apache.shiro.session.mgt.AbstractValidatingSessionManager.validateSessions()]: Validating all active sessions...

2019-05-21 16:54:06
[INFO]-[Thread: SessionValidationThread-1]-[org.apache.shiro.session.mgt.AbstractValidatingSessionManager.validateSessions()]: Finished session validation.  [9] sessions were stopped.

2019-05-21 17:54:06
[INFO]-[Thread: SessionValidationThread-1]-[org.apache.shiro.session.mgt.AbstractValidatingSessionManager.validateSessions()]: Validating all active sessions...

2019-05-21 17:54:06
[INFO]-[Thread: SessionValidationThread-1]-[org.apache.shiro.session.mgt.AbstractValidatingSessionManager.validateSessions()]: Finished session validation.  [1] sessions were stopped.

2019-05-21 18:54:06
[INFO]-[Thread: SessionValidationThread-1]-[org.apache.shiro.session.mgt.AbstractValidatingSessionManager.validateSessions()]: Validating all active sessions...

2019-05-21 18:54:06
[INFO]-[Thread: SessionValidationThread-1]-[org.apache.shiro.session.mgt.AbstractValidatingSessionManager.validateSessions()]: Finished session validation.  No sessions were stopped.

2019-05-21 19:54:06
[INFO]-[Thread: SessionValidationThread-1]-[org.apache.shiro.session.mgt.AbstractValidatingSessionManager.validateSessions()]: Validating all active sessions...

2019-05-21 19:54:06
[INFO]-[Thread: SessionValidationThread-1]-[org.apache.shiro.session.mgt.AbstractValidatingSessionManager.validateSessions()]: Finished session validation.  No sessions were stopped.

2019-05-21 20:54:06
[INFO]-[Thread: SessionValidationThread-1]-[org.apache.shiro.session.mgt.AbstractValidatingSessionManager.validateSessions()]: Validating all active sessions...

2019-05-21 20:54:06
[INFO]-[Thread: SessionValidationThread-1]-[org.apache.shiro.session.mgt.AbstractValidatingSessionManager.validateSessions()]: Finished session validation.  No sessions were stopped.

2019-05-21 21:54:06
[INFO]-[Thread: SessionValidationThread-1]-[org.apache.shiro.session.mgt.AbstractValidatingSessionManager.validateSessions()]: Validating all active sessions...

2019-05-21 21:54:06
[INFO]-[Thread: SessionValidationThread-1]-[org.apache.shiro.session.mgt.AbstractValidatingSessionManager.validateSessions()]: Finished session validation.  No sessions were stopped.

2019-05-21 22:54:06
[INFO]-[Thread: SessionValidationThread-1]-[org.apache.shiro.session.mgt.AbstractValidatingSessionManager.validateSessions()]: Validating all active sessions...

2019-05-21 22:54:06
[INFO]-[Thread: SessionValidationThread-1]-[org.apache.shiro.session.mgt.AbstractValidatingSessionManager.validateSessions()]: Finished session validation.  [1] sessions were stopped.

2019-05-21 23:54:06
[INFO]-[Thread: SessionValidationThread-1]-[org.apache.shiro.session.mgt.AbstractValidatingSessionManager.validateSessions()]: Validating all active sessions...

2019-05-21 23:54:06
[INFO]-[Thread: SessionValidationThread-1]-[org.apache.shiro.session.mgt.AbstractValidatingSessionManager.validateSessions()]: Finished session validation.  No sessions were stopped.
