
2019-05-22 00:54:06
[INFO]-[Thread: SessionValidationThread-1]-[org.apache.shiro.session.mgt.AbstractValidatingSessionManager.validateSessions()]: Validating all active sessions...

2019-05-22 00:54:06
[INFO]-[Thread: SessionValidationThread-1]-[org.apache.shiro.session.mgt.AbstractValidatingSessionManager.validateSessions()]: Finished session validation.  No sessions were stopped.

2019-05-22 01:54:06
[INFO]-[Thread: SessionValidationThread-1]-[org.apache.shiro.session.mgt.AbstractValidatingSessionManager.validateSessions()]: Validating all active sessions...

2019-05-22 01:54:06
[INFO]-[Thread: SessionValidationThread-1]-[org.apache.shiro.session.mgt.AbstractValidatingSessionManager.validateSessions()]: Finished session validation.  No sessions were stopped.

2019-05-22 02:54:06
[INFO]-[Thread: SessionValidationThread-1]-[org.apache.shiro.session.mgt.AbstractValidatingSessionManager.validateSessions()]: Validating all active sessions...

2019-05-22 02:54:06
[INFO]-[Thread: SessionValidationThread-1]-[org.apache.shiro.session.mgt.AbstractValidatingSessionManager.validateSessions()]: Finished session validation.  No sessions were stopped.

2019-05-22 03:54:06
[INFO]-[Thread: SessionValidationThread-1]-[org.apache.shiro.session.mgt.AbstractValidatingSessionManager.validateSessions()]: Validating all active sessions...

2019-05-22 03:54:06
[INFO]-[Thread: SessionValidationThread-1]-[org.apache.shiro.session.mgt.AbstractValidatingSessionManager.validateSessions()]: Finished session validation.  No sessions were stopped.

2019-05-22 04:54:06
[INFO]-[Thread: SessionValidationThread-1]-[org.apache.shiro.session.mgt.AbstractValidatingSessionManager.validateSessions()]: Validating all active sessions...

2019-05-22 04:54:06
[INFO]-[Thread: SessionValidationThread-1]-[org.apache.shiro.session.mgt.AbstractValidatingSessionManager.validateSessions()]: Finished session validation.  No sessions were stopped.

2019-05-22 05:54:06
[INFO]-[Thread: SessionValidationThread-1]-[org.apache.shiro.session.mgt.AbstractValidatingSessionManager.validateSessions()]: Validating all active sessions...

2019-05-22 05:54:06
[INFO]-[Thread: SessionValidationThread-1]-[org.apache.shiro.session.mgt.AbstractValidatingSessionManager.validateSessions()]: Finished session validation.  No sessions were stopped.

2019-05-22 06:54:06
[INFO]-[Thread: SessionValidationThread-1]-[org.apache.shiro.session.mgt.AbstractValidatingSessionManager.validateSessions()]: Validating all active sessions...

2019-05-22 06:54:06
[INFO]-[Thread: SessionValidationThread-1]-[org.apache.shiro.session.mgt.AbstractValidatingSessionManager.validateSessions()]: Finished session validation.  No sessions were stopped.

2019-05-22 07:54:06
[INFO]-[Thread: SessionValidationThread-1]-[org.apache.shiro.session.mgt.AbstractValidatingSessionManager.validateSessions()]: Validating all active sessions...

2019-05-22 07:54:06
[INFO]-[Thread: SessionValidationThread-1]-[org.apache.shiro.session.mgt.AbstractValidatingSessionManager.validateSessions()]: Finished session validation.  No sessions were stopped.

2019-05-22 08:54:06
[INFO]-[Thread: SessionValidationThread-1]-[org.apache.shiro.session.mgt.AbstractValidatingSessionManager.validateSessions()]: Validating all active sessions...

2019-05-22 08:54:06
[INFO]-[Thread: SessionValidationThread-1]-[org.apache.shiro.session.mgt.AbstractValidatingSessionManager.validateSessions()]: Finished session validation.  No sessions were stopped.

2019-05-22 09:54:06
[INFO]-[Thread: SessionValidationThread-1]-[org.apache.shiro.session.mgt.AbstractValidatingSessionManager.validateSessions()]: Validating all active sessions...

2019-05-22 09:54:06
[INFO]-[Thread: SessionValidationThread-1]-[org.apache.shiro.session.mgt.AbstractValidatingSessionManager.validateSessions()]: Finished session validation.  No sessions were stopped.

2019-05-22 10:54:06
[INFO]-[Thread: SessionValidationThread-1]-[org.apache.shiro.session.mgt.AbstractValidatingSessionManager.validateSessions()]: Validating all active sessions...

2019-05-22 10:54:06
[INFO]-[Thread: SessionValidationThread-1]-[org.apache.shiro.session.mgt.AbstractValidatingSessionManager.validateSessions()]: Finished session validation.  [2] sessions were stopped.

2019-05-22 11:31:50
[INFO]-[Thread: http-nio-8081-exec-6]-[cn.edu.seu.driverserver.controller.UserController.doLogin()]: null>>>login

2019-05-22 11:32:46
[INFO]-[Thread: http-nio-8081-exec-1]-[cn.edu.seu.driverserver.controller.UserController.doLogin()]: null>>>login

2019-05-22 11:41:27
[INFO]-[Thread: Thread-9]-[org.springframework.scheduling.concurrent.ExecutorConfigurationSupport.shutdown()]: Shutting down ExecutorService 'applicationTaskExecutor'

2019-05-22 11:41:27
[INFO]-[Thread: Thread-9]-[com.zaxxer.hikari.HikariDataSource.close()]: HikariPool-1 - Shutdown initiated...

2019-05-22 11:41:28
[INFO]-[Thread: Thread-9]-[com.zaxxer.hikari.HikariDataSource.close()]: HikariPool-1 - Shutdown completed.

2019-05-22 11:41:33
[INFO]-[Thread: background-preinit]-[org.hibernate.validator.internal.util.Version.<clinit>()]: HV000001: Hibernate Validator 6.0.14.Final

2019-05-22 11:41:34
[INFO]-[Thread: restartedMain]-[org.springframework.boot.StartupInfoLogger.logStarting()]: Starting DriverserverApplication on seu-pc with PID 17308 (/home/seu/Desktop/driver/driverserver/target/classes started by seu in /home/seu/Desktop/driver/driverserver)

2019-05-22 11:41:34
[INFO]-[Thread: restartedMain]-[org.springframework.boot.SpringApplication.logStartupProfileInfo()]: No active profile set, falling back to default profiles: default

2019-05-22 11:41:34
[INFO]-[Thread: restartedMain]-[org.springframework.boot.logging.DeferredLog.logTo()]: Devtools property defaults active! Set 'spring.devtools.add-properties' to 'false' to disable

2019-05-22 11:41:34
[INFO]-[Thread: restartedMain]-[org.springframework.boot.logging.DeferredLog.logTo()]: For additional web related logging consider setting the 'logging.level.web' property to 'DEBUG'

2019-05-22 11:41:37
[INFO]-[Thread: restartedMain]-[org.springframework.context.support.PostProcessorRegistrationDelegate$BeanPostProcessorChecker.postProcessAfterInitialization()]: Bean 'shiroConfig' of type [cn.edu.seu.driverserver.config.ShiroConfig$$EnhancerBySpringCGLIB$$1fcbcf88] is not eligible for getting processed by all BeanPostProcessors (for example: not eligible for auto-proxying)

2019-05-22 11:41:37
[INFO]-[Thread: restartedMain]-[org.springframework.context.support.PostProcessorRegistrationDelegate$BeanPostProcessorChecker.postProcessAfterInitialization()]: Bean 'org.springframework.transaction.annotation.ProxyTransactionManagementConfiguration' of type [org.springframework.transaction.annotation.ProxyTransactionManagementConfiguration$$EnhancerBySpringCGLIB$$890004bf] is not eligible for getting processed by all BeanPostProcessors (for example: not eligible for auto-proxying)

2019-05-22 11:41:37
[INFO]-[Thread: restartedMain]-[org.springframework.context.support.PostProcessorRegistrationDelegate$BeanPostProcessorChecker.postProcessAfterInitialization()]: Bean 'mybatis-org.mybatis.spring.boot.autoconfigure.MybatisProperties' of type [org.mybatis.spring.boot.autoconfigure.MybatisProperties] is not eligible for getting processed by all BeanPostProcessors (for example: not eligible for auto-proxying)

2019-05-22 11:41:37
[INFO]-[Thread: restartedMain]-[org.springframework.context.support.PostProcessorRegistrationDelegate$BeanPostProcessorChecker.postProcessAfterInitialization()]: Bean 'org.mybatis.spring.boot.autoconfigure.MybatisAutoConfiguration' of type [org.mybatis.spring.boot.autoconfigure.MybatisAutoConfiguration$$EnhancerBySpringCGLIB$$bbd455ef] is not eligible for getting processed by all BeanPostProcessors (for example: not eligible for auto-proxying)

2019-05-22 11:41:37
[INFO]-[Thread: restartedMain]-[org.springframework.context.support.PostProcessorRegistrationDelegate$BeanPostProcessorChecker.postProcessAfterInitialization()]: Bean 'org.springframework.boot.autoconfigure.jdbc.DataSourceConfiguration$Hikari' of type [org.springframework.boot.autoconfigure.jdbc.DataSourceConfiguration$Hikari] is not eligible for getting processed by all BeanPostProcessors (for example: not eligible for auto-proxying)

2019-05-22 11:41:37
[INFO]-[Thread: restartedMain]-[org.springframework.context.support.PostProcessorRegistrationDelegate$BeanPostProcessorChecker.postProcessAfterInitialization()]: Bean 'spring.datasource-org.springframework.boot.autoconfigure.jdbc.DataSourceProperties' of type [org.springframework.boot.autoconfigure.jdbc.DataSourceProperties] is not eligible for getting processed by all BeanPostProcessors (for example: not eligible for auto-proxying)

2019-05-22 11:41:37
[INFO]-[Thread: restartedMain]-[org.springframework.context.support.PostProcessorRegistrationDelegate$BeanPostProcessorChecker.postProcessAfterInitialization()]: Bean 'dataSource' of type [com.zaxxer.hikari.HikariDataSource] is not eligible for getting processed by all BeanPostProcessors (for example: not eligible for auto-proxying)

2019-05-22 11:41:37
[INFO]-[Thread: restartedMain]-[org.springframework.context.support.PostProcessorRegistrationDelegate$BeanPostProcessorChecker.postProcessAfterInitialization()]: Bean 'org.springframework.boot.autoconfigure.jdbc.DataSourceInitializerInvoker' of type [org.springframework.boot.autoconfigure.jdbc.DataSourceInitializerInvoker] is not eligible for getting processed by all BeanPostProcessors (for example: not eligible for auto-proxying)

2019-05-22 11:41:37
[INFO]-[Thread: restartedMain]-[org.springframework.context.support.PostProcessorRegistrationDelegate$BeanPostProcessorChecker.postProcessAfterInitialization()]: Bean 'sqlSessionFactory' of type [org.apache.ibatis.session.defaults.DefaultSqlSessionFactory] is not eligible for getting processed by all BeanPostProcessors (for example: not eligible for auto-proxying)

2019-05-22 11:41:37
[INFO]-[Thread: restartedMain]-[org.springframework.context.support.PostProcessorRegistrationDelegate$BeanPostProcessorChecker.postProcessAfterInitialization()]: Bean 'sqlSessionTemplate' of type [org.mybatis.spring.SqlSessionTemplate] is not eligible for getting processed by all BeanPostProcessors (for example: not eligible for auto-proxying)

2019-05-22 11:41:38
[INFO]-[Thread: restartedMain]-[org.springframework.context.support.PostProcessorRegistrationDelegate$BeanPostProcessorChecker.postProcessAfterInitialization()]: Bean 'userMapper' of type [org.mybatis.spring.mapper.MapperFactoryBean] is not eligible for getting processed by all BeanPostProcessors (for example: not eligible for auto-proxying)

2019-05-22 11:41:38
[INFO]-[Thread: restartedMain]-[org.springframework.context.support.PostProcessorRegistrationDelegate$BeanPostProcessorChecker.postProcessAfterInitialization()]: Bean 'userMapper' of type [com.sun.proxy.$Proxy57] is not eligible for getting processed by all BeanPostProcessors (for example: not eligible for auto-proxying)

2019-05-22 11:41:38
[INFO]-[Thread: restartedMain]-[org.springframework.context.support.PostProcessorRegistrationDelegate$BeanPostProcessorChecker.postProcessAfterInitialization()]: Bean 'peersMapper' of type [org.mybatis.spring.mapper.MapperFactoryBean] is not eligible for getting processed by all BeanPostProcessors (for example: not eligible for auto-proxying)

2019-05-22 11:41:38
[INFO]-[Thread: restartedMain]-[org.springframework.context.support.PostProcessorRegistrationDelegate$BeanPostProcessorChecker.postProcessAfterInitialization()]: Bean 'peersMapper' of type [com.sun.proxy.$Proxy61] is not eligible for getting processed by all BeanPostProcessors (for example: not eligible for auto-proxying)

2019-05-22 11:41:38
[INFO]-[Thread: restartedMain]-[org.springframework.context.support.PostProcessorRegistrationDelegate$BeanPostProcessorChecker.postProcessAfterInitialization()]: Bean 'userServiceImpl' of type [cn.edu.seu.driverserver.service.Impl.UserServiceImpl] is not eligible for getting processed by all BeanPostProcessors (for example: not eligible for auto-proxying)

2019-05-22 11:41:38
[INFO]-[Thread: restartedMain]-[org.springframework.context.support.PostProcessorRegistrationDelegate$BeanPostProcessorChecker.postProcessAfterInitialization()]: Bean 'customRealm' of type [cn.edu.seu.driverserver.config.ShiroRealm] is not eligible for getting processed by all BeanPostProcessors (for example: not eligible for auto-proxying)

2019-05-22 11:41:38
[INFO]-[Thread: restartedMain]-[org.springframework.context.support.PostProcessorRegistrationDelegate$BeanPostProcessorChecker.postProcessAfterInitialization()]: Bean 'sessionManager' of type [org.apache.shiro.web.session.mgt.DefaultWebSessionManager] is not eligible for getting processed by all BeanPostProcessors (for example: not eligible for auto-proxying)

2019-05-22 11:41:38
[INFO]-[Thread: restartedMain]-[org.springframework.context.support.PostProcessorRegistrationDelegate$BeanPostProcessorChecker.postProcessAfterInitialization()]: Bean 'securityManager' of type [org.apache.shiro.web.mgt.DefaultWebSecurityManager] is not eligible for getting processed by all BeanPostProcessors (for example: not eligible for auto-proxying)

2019-05-22 11:41:39
[INFO]-[Thread: restartedMain]-[org.springframework.boot.web.embedded.tomcat.TomcatWebServer.initialize()]: Tomcat initialized with port(s): 8081 (http)

2019-05-22 11:41:39
[INFO]-[Thread: restartedMain]-[org.springframework.boot.web.servlet.context.ServletWebServerApplicationContext.prepareWebApplicationContext()]: Root WebApplicationContext: initialization completed in 5100 ms

2019-05-22 11:41:40
[INFO]-[Thread: restartedMain]-[org.springframework.scheduling.concurrent.ExecutorConfigurationSupport.initialize()]: Initializing ExecutorService 'applicationTaskExecutor'

2019-05-22 11:41:40
[INFO]-[Thread: restartedMain]-[org.springframework.boot.autoconfigure.web.servlet.WelcomePageHandlerMapping.<init>()]: Adding welcome page template: index

2019-05-22 11:41:40
[INFO]-[Thread: restartedMain]-[org.springframework.boot.devtools.autoconfigure.OptionalLiveReloadServer.startServer()]: LiveReload server is running on port 35729

2019-05-22 11:41:40
[INFO]-[Thread: restartedMain]-[org.springframework.boot.web.embedded.tomcat.TomcatWebServer.start()]: Tomcat started on port(s): 8081 (http) with context path ''

2019-05-22 11:41:40
[INFO]-[Thread: restartedMain]-[org.springframework.boot.StartupInfoLogger.logStarted()]: Started DriverserverApplication in 7.172 seconds (JVM running for 8.023)

2019-05-22 11:42:18
[INFO]-[Thread: http-nio-8081-exec-1]-[org.springframework.web.servlet.FrameworkServlet.initServletBean()]: Initializing Servlet 'dispatcherServlet'

2019-05-22 11:42:18
[INFO]-[Thread: http-nio-8081-exec-1]-[org.springframework.web.servlet.FrameworkServlet.initServletBean()]: Completed initialization in 12 ms

2019-05-22 11:42:18
[INFO]-[Thread: http-nio-8081-exec-1]-[org.apache.shiro.session.mgt.AbstractValidatingSessionManager.enableSessionValidation()]: Enabling session validation scheduler...

2019-05-22 11:42:20
[INFO]-[Thread: http-nio-8081-exec-5]-[com.zaxxer.hikari.HikariDataSource.getConnection()]: HikariPool-1 - Starting...

2019-05-22 11:42:20
[INFO]-[Thread: http-nio-8081-exec-5]-[com.zaxxer.hikari.HikariDataSource.getConnection()]: HikariPool-1 - Start completed.

2019-05-22 11:42:20
[INFO]-[Thread: http-nio-8081-exec-5]-[cn.edu.seu.driverserver.controller.UserController.doLogin()]: null>>>login

2019-05-22 11:49:15
[INFO]-[Thread: Thread-9]-[org.springframework.scheduling.concurrent.ExecutorConfigurationSupport.shutdown()]: Shutting down ExecutorService 'applicationTaskExecutor'

2019-05-22 11:49:15
[INFO]-[Thread: Thread-9]-[com.zaxxer.hikari.HikariDataSource.close()]: HikariPool-1 - Shutdown initiated...

2019-05-22 11:49:15
[INFO]-[Thread: Thread-9]-[com.zaxxer.hikari.HikariDataSource.close()]: HikariPool-1 - Shutdown completed.

2019-05-22 11:56:23
[INFO]-[Thread: background-preinit]-[org.hibernate.validator.internal.util.Version.<clinit>()]: HV000001: Hibernate Validator 6.0.14.Final

2019-05-22 11:56:23
[INFO]-[Thread: restartedMain]-[org.springframework.boot.StartupInfoLogger.logStarting()]: Starting DriverserverApplication on seu-pc with PID 18947 (/home/seu/Desktop/driver/driverserver/target/classes started by seu in /home/seu/Desktop/driver/driverserver)

2019-05-22 11:56:23
[INFO]-[Thread: restartedMain]-[org.springframework.boot.SpringApplication.logStartupProfileInfo()]: No active profile set, falling back to default profiles: default

2019-05-22 11:56:23
[INFO]-[Thread: restartedMain]-[org.springframework.boot.logging.DeferredLog.logTo()]: Devtools property defaults active! Set 'spring.devtools.add-properties' to 'false' to disable

2019-05-22 11:56:23
[INFO]-[Thread: restartedMain]-[org.springframework.boot.logging.DeferredLog.logTo()]: For additional web related logging consider setting the 'logging.level.web' property to 'DEBUG'

2019-05-22 11:56:26
[INFO]-[Thread: restartedMain]-[org.springframework.context.support.PostProcessorRegistrationDelegate$BeanPostProcessorChecker.postProcessAfterInitialization()]: Bean 'shiroConfig' of type [cn.edu.seu.driverserver.config.ShiroConfig$$EnhancerBySpringCGLIB$$c298b24c] is not eligible for getting processed by all BeanPostProcessors (for example: not eligible for auto-proxying)

2019-05-22 11:56:26
[INFO]-[Thread: restartedMain]-[org.springframework.context.support.PostProcessorRegistrationDelegate$BeanPostProcessorChecker.postProcessAfterInitialization()]: Bean 'org.springframework.transaction.annotation.ProxyTransactionManagementConfiguration' of type [org.springframework.transaction.annotation.ProxyTransactionManagementConfiguration$$EnhancerBySpringCGLIB$$2bcce783] is not eligible for getting processed by all BeanPostProcessors (for example: not eligible for auto-proxying)

2019-05-22 11:56:26
[INFO]-[Thread: restartedMain]-[org.springframework.context.support.PostProcessorRegistrationDelegate$BeanPostProcessorChecker.postProcessAfterInitialization()]: Bean 'mybatis-org.mybatis.spring.boot.autoconfigure.MybatisProperties' of type [org.mybatis.spring.boot.autoconfigure.MybatisProperties] is not eligible for getting processed by all BeanPostProcessors (for example: not eligible for auto-proxying)

2019-05-22 11:56:26
[INFO]-[Thread: restartedMain]-[org.springframework.context.support.PostProcessorRegistrationDelegate$BeanPostProcessorChecker.postProcessAfterInitialization()]: Bean 'org.mybatis.spring.boot.autoconfigure.MybatisAutoConfiguration' of type [org.mybatis.spring.boot.autoconfigure.MybatisAutoConfiguration$$EnhancerBySpringCGLIB$$5ea138b3] is not eligible for getting processed by all BeanPostProcessors (for example: not eligible for auto-proxying)

2019-05-22 11:56:26
[INFO]-[Thread: restartedMain]-[org.springframework.context.support.PostProcessorRegistrationDelegate$BeanPostProcessorChecker.postProcessAfterInitialization()]: Bean 'org.springframework.boot.autoconfigure.jdbc.DataSourceConfiguration$Hikari' of type [org.springframework.boot.autoconfigure.jdbc.DataSourceConfiguration$Hikari] is not eligible for getting processed by all BeanPostProcessors (for example: not eligible for auto-proxying)

2019-05-22 11:56:26
[INFO]-[Thread: restartedMain]-[org.springframework.context.support.PostProcessorRegistrationDelegate$BeanPostProcessorChecker.postProcessAfterInitialization()]: Bean 'spring.datasource-org.springframework.boot.autoconfigure.jdbc.DataSourceProperties' of type [org.springframework.boot.autoconfigure.jdbc.DataSourceProperties] is not eligible for getting processed by all BeanPostProcessors (for example: not eligible for auto-proxying)

2019-05-22 11:56:26
[INFO]-[Thread: restartedMain]-[org.springframework.context.support.PostProcessorRegistrationDelegate$BeanPostProcessorChecker.postProcessAfterInitialization()]: Bean 'dataSource' of type [com.zaxxer.hikari.HikariDataSource] is not eligible for getting processed by all BeanPostProcessors (for example: not eligible for auto-proxying)

2019-05-22 11:56:26
[INFO]-[Thread: restartedMain]-[org.springframework.context.support.PostProcessorRegistrationDelegate$BeanPostProcessorChecker.postProcessAfterInitialization()]: Bean 'org.springframework.boot.autoconfigure.jdbc.DataSourceInitializerInvoker' of type [org.springframework.boot.autoconfigure.jdbc.DataSourceInitializerInvoker] is not eligible for getting processed by all BeanPostProcessors (for example: not eligible for auto-proxying)

2019-05-22 11:56:27
[INFO]-[Thread: restartedMain]-[org.springframework.context.support.PostProcessorRegistrationDelegate$BeanPostProcessorChecker.postProcessAfterInitialization()]: Bean 'sqlSessionFactory' of type [org.apache.ibatis.session.defaults.DefaultSqlSessionFactory] is not eligible for getting processed by all BeanPostProcessors (for example: not eligible for auto-proxying)

2019-05-22 11:56:27
[INFO]-[Thread: restartedMain]-[org.springframework.context.support.PostProcessorRegistrationDelegate$BeanPostProcessorChecker.postProcessAfterInitialization()]: Bean 'sqlSessionTemplate' of type [org.mybatis.spring.SqlSessionTemplate] is not eligible for getting processed by all BeanPostProcessors (for example: not eligible for auto-proxying)

2019-05-22 11:56:27
[INFO]-[Thread: restartedMain]-[org.springframework.context.support.PostProcessorRegistrationDelegate$BeanPostProcessorChecker.postProcessAfterInitialization()]: Bean 'userMapper' of type [org.mybatis.spring.mapper.MapperFactoryBean] is not eligible for getting processed by all BeanPostProcessors (for example: not eligible for auto-proxying)

2019-05-22 11:56:27
[INFO]-[Thread: restartedMain]-[org.springframework.context.support.PostProcessorRegistrationDelegate$BeanPostProcessorChecker.postProcessAfterInitialization()]: Bean 'userMapper' of type [com.sun.proxy.$Proxy57] is not eligible for getting processed by all BeanPostProcessors (for example: not eligible for auto-proxying)

2019-05-22 11:56:27
[INFO]-[Thread: restartedMain]-[org.springframework.context.support.PostProcessorRegistrationDelegate$BeanPostProcessorChecker.postProcessAfterInitialization()]: Bean 'peersMapper' of type [org.mybatis.spring.mapper.MapperFactoryBean] is not eligible for getting processed by all BeanPostProcessors (for example: not eligible for auto-proxying)

2019-05-22 11:56:27
[INFO]-[Thread: restartedMain]-[org.springframework.context.support.PostProcessorRegistrationDelegate$BeanPostProcessorChecker.postProcessAfterInitialization()]: Bean 'peersMapper' of type [com.sun.proxy.$Proxy61] is not eligible for getting processed by all BeanPostProcessors (for example: not eligible for auto-proxying)

2019-05-22 11:56:27
[INFO]-[Thread: restartedMain]-[org.springframework.context.support.PostProcessorRegistrationDelegate$BeanPostProcessorChecker.postProcessAfterInitialization()]: Bean 'userServiceImpl' of type [cn.edu.seu.driverserver.service.Impl.UserServiceImpl] is not eligible for getting processed by all BeanPostProcessors (for example: not eligible for auto-proxying)

2019-05-22 11:56:27
[INFO]-[Thread: restartedMain]-[org.springframework.context.support.PostProcessorRegistrationDelegate$BeanPostProcessorChecker.postProcessAfterInitialization()]: Bean 'customRealm' of type [cn.edu.seu.driverserver.config.ShiroRealm] is not eligible for getting processed by all BeanPostProcessors (for example: not eligible for auto-proxying)

2019-05-22 11:56:27
[INFO]-[Thread: restartedMain]-[org.springframework.context.support.PostProcessorRegistrationDelegate$BeanPostProcessorChecker.postProcessAfterInitialization()]: Bean 'sessionManager' of type [org.apache.shiro.web.session.mgt.DefaultWebSessionManager] is not eligible for getting processed by all BeanPostProcessors (for example: not eligible for auto-proxying)

2019-05-22 11:56:27
[INFO]-[Thread: restartedMain]-[org.springframework.context.support.PostProcessorRegistrationDelegate$BeanPostProcessorChecker.postProcessAfterInitialization()]: Bean 'securityManager' of type [org.apache.shiro.web.mgt.DefaultWebSecurityManager] is not eligible for getting processed by all BeanPostProcessors (for example: not eligible for auto-proxying)

2019-05-22 11:56:28
[INFO]-[Thread: restartedMain]-[org.springframework.boot.web.embedded.tomcat.TomcatWebServer.initialize()]: Tomcat initialized with port(s): 8081 (http)

2019-05-22 11:56:28
[INFO]-[Thread: restartedMain]-[org.springframework.boot.web.servlet.context.ServletWebServerApplicationContext.prepareWebApplicationContext()]: Root WebApplicationContext: initialization completed in 4505 ms

2019-05-22 11:56:28
[INFO]-[Thread: restartedMain]-[org.springframework.scheduling.concurrent.ExecutorConfigurationSupport.initialize()]: Initializing ExecutorService 'applicationTaskExecutor'

2019-05-22 11:56:29
[INFO]-[Thread: restartedMain]-[org.springframework.boot.autoconfigure.web.servlet.WelcomePageHandlerMapping.<init>()]: Adding welcome page template: index

2019-05-22 11:56:29
[INFO]-[Thread: restartedMain]-[org.springframework.boot.devtools.autoconfigure.OptionalLiveReloadServer.startServer()]: LiveReload server is running on port 35729

2019-05-22 11:56:29
[INFO]-[Thread: restartedMain]-[org.springframework.boot.web.embedded.tomcat.TomcatWebServer.start()]: Tomcat started on port(s): 8081 (http) with context path ''

2019-05-22 11:56:29
[INFO]-[Thread: restartedMain]-[org.springframework.boot.StartupInfoLogger.logStarted()]: Started DriverserverApplication in 6.947 seconds (JVM running for 8.371)

2019-05-22 11:56:32
[INFO]-[Thread: http-nio-8081-exec-1]-[org.springframework.web.servlet.FrameworkServlet.initServletBean()]: Initializing Servlet 'dispatcherServlet'

2019-05-22 11:56:32
[INFO]-[Thread: http-nio-8081-exec-1]-[org.springframework.web.servlet.FrameworkServlet.initServletBean()]: Completed initialization in 19 ms

2019-05-22 11:56:32
[INFO]-[Thread: http-nio-8081-exec-1]-[org.apache.shiro.session.mgt.AbstractValidatingSessionManager.enableSessionValidation()]: Enabling session validation scheduler...

2019-05-22 11:56:33
[INFO]-[Thread: http-nio-8081-exec-3]-[com.zaxxer.hikari.HikariDataSource.getConnection()]: HikariPool-1 - Starting...

2019-05-22 11:56:33
[INFO]-[Thread: http-nio-8081-exec-3]-[com.zaxxer.hikari.HikariDataSource.getConnection()]: HikariPool-1 - Start completed.

2019-05-22 11:56:33
[INFO]-[Thread: http-nio-8081-exec-3]-[cn.edu.seu.driverserver.controller.UserController.doLogin()]: null>>>login

2019-05-22 12:01:32
[INFO]-[Thread: Thread-9]-[org.springframework.scheduling.concurrent.ExecutorConfigurationSupport.shutdown()]: Shutting down ExecutorService 'applicationTaskExecutor'

2019-05-22 12:01:32
[INFO]-[Thread: Thread-9]-[com.zaxxer.hikari.HikariDataSource.close()]: HikariPool-1 - Shutdown initiated...

2019-05-22 12:01:32
[INFO]-[Thread: Thread-9]-[com.zaxxer.hikari.HikariDataSource.close()]: HikariPool-1 - Shutdown completed.

2019-05-22 12:01:38
[INFO]-[Thread: background-preinit]-[org.hibernate.validator.internal.util.Version.<clinit>()]: HV000001: Hibernate Validator 6.0.14.Final

2019-05-22 12:01:39
[INFO]-[Thread: restartedMain]-[org.springframework.boot.StartupInfoLogger.logStarting()]: Starting DriverserverApplication on seu-pc with PID 19083 (/home/seu/Desktop/driver/driverserver/target/classes started by seu in /home/seu/Desktop/driver/driverserver)

2019-05-22 12:01:39
[INFO]-[Thread: restartedMain]-[org.springframework.boot.SpringApplication.logStartupProfileInfo()]: No active profile set, falling back to default profiles: default

2019-05-22 12:01:39
[INFO]-[Thread: restartedMain]-[org.springframework.boot.logging.DeferredLog.logTo()]: Devtools property defaults active! Set 'spring.devtools.add-properties' to 'false' to disable

2019-05-22 12:01:39
[INFO]-[Thread: restartedMain]-[org.springframework.boot.logging.DeferredLog.logTo()]: For additional web related logging consider setting the 'logging.level.web' property to 'DEBUG'

2019-05-22 12:01:41
[INFO]-[Thread: restartedMain]-[org.springframework.context.support.PostProcessorRegistrationDelegate$BeanPostProcessorChecker.postProcessAfterInitialization()]: Bean 'shiroConfig' of type [cn.edu.seu.driverserver.config.ShiroConfig$$EnhancerBySpringCGLIB$$7792e2ef] is not eligible for getting processed by all BeanPostProcessors (for example: not eligible for auto-proxying)

2019-05-22 12:01:41
[INFO]-[Thread: restartedMain]-[org.springframework.context.support.PostProcessorRegistrationDelegate$BeanPostProcessorChecker.postProcessAfterInitialization()]: Bean 'org.springframework.transaction.annotation.ProxyTransactionManagementConfiguration' of type [org.springframework.transaction.annotation.ProxyTransactionManagementConfiguration$$EnhancerBySpringCGLIB$$e0c71826] is not eligible for getting processed by all BeanPostProcessors (for example: not eligible for auto-proxying)

2019-05-22 12:01:42
[INFO]-[Thread: restartedMain]-[org.springframework.context.support.PostProcessorRegistrationDelegate$BeanPostProcessorChecker.postProcessAfterInitialization()]: Bean 'mybatis-org.mybatis.spring.boot.autoconfigure.MybatisProperties' of type [org.mybatis.spring.boot.autoconfigure.MybatisProperties] is not eligible for getting processed by all BeanPostProcessors (for example: not eligible for auto-proxying)

2019-05-22 12:01:42
[INFO]-[Thread: restartedMain]-[org.springframework.context.support.PostProcessorRegistrationDelegate$BeanPostProcessorChecker.postProcessAfterInitialization()]: Bean 'org.mybatis.spring.boot.autoconfigure.MybatisAutoConfiguration' of type [org.mybatis.spring.boot.autoconfigure.MybatisAutoConfiguration$$EnhancerBySpringCGLIB$$139b6956] is not eligible for getting processed by all BeanPostProcessors (for example: not eligible for auto-proxying)

2019-05-22 12:01:42
[INFO]-[Thread: restartedMain]-[org.springframework.context.support.PostProcessorRegistrationDelegate$BeanPostProcessorChecker.postProcessAfterInitialization()]: Bean 'org.springframework.boot.autoconfigure.jdbc.DataSourceConfiguration$Hikari' of type [org.springframework.boot.autoconfigure.jdbc.DataSourceConfiguration$Hikari] is not eligible for getting processed by all BeanPostProcessors (for example: not eligible for auto-proxying)

2019-05-22 12:01:42
[INFO]-[Thread: restartedMain]-[org.springframework.context.support.PostProcessorRegistrationDelegate$BeanPostProcessorChecker.postProcessAfterInitialization()]: Bean 'spring.datasource-org.springframework.boot.autoconfigure.jdbc.DataSourceProperties' of type [org.springframework.boot.autoconfigure.jdbc.DataSourceProperties] is not eligible for getting processed by all BeanPostProcessors (for example: not eligible for auto-proxying)

2019-05-22 12:01:42
[INFO]-[Thread: restartedMain]-[org.springframework.context.support.PostProcessorRegistrationDelegate$BeanPostProcessorChecker.postProcessAfterInitialization()]: Bean 'dataSource' of type [com.zaxxer.hikari.HikariDataSource] is not eligible for getting processed by all BeanPostProcessors (for example: not eligible for auto-proxying)

2019-05-22 12:01:42
[INFO]-[Thread: restartedMain]-[org.springframework.context.support.PostProcessorRegistrationDelegate$BeanPostProcessorChecker.postProcessAfterInitialization()]: Bean 'org.springframework.boot.autoconfigure.jdbc.DataSourceInitializerInvoker' of type [org.springframework.boot.autoconfigure.jdbc.DataSourceInitializerInvoker] is not eligible for getting processed by all BeanPostProcessors (for example: not eligible for auto-proxying)

2019-05-22 12:01:42
[INFO]-[Thread: restartedMain]-[org.springframework.context.support.PostProcessorRegistrationDelegate$BeanPostProcessorChecker.postProcessAfterInitialization()]: Bean 'sqlSessionFactory' of type [org.apache.ibatis.session.defaults.DefaultSqlSessionFactory] is not eligible for getting processed by all BeanPostProcessors (for example: not eligible for auto-proxying)

2019-05-22 12:01:42
[INFO]-[Thread: restartedMain]-[org.springframework.context.support.PostProcessorRegistrationDelegate$BeanPostProcessorChecker.postProcessAfterInitialization()]: Bean 'sqlSessionTemplate' of type [org.mybatis.spring.SqlSessionTemplate] is not eligible for getting processed by all BeanPostProcessors (for example: not eligible for auto-proxying)

2019-05-22 12:01:42
[INFO]-[Thread: restartedMain]-[org.springframework.context.support.PostProcessorRegistrationDelegate$BeanPostProcessorChecker.postProcessAfterInitialization()]: Bean 'userMapper' of type [org.mybatis.spring.mapper.MapperFactoryBean] is not eligible for getting processed by all BeanPostProcessors (for example: not eligible for auto-proxying)

2019-05-22 12:01:42
[INFO]-[Thread: restartedMain]-[org.springframework.context.support.PostProcessorRegistrationDelegate$BeanPostProcessorChecker.postProcessAfterInitialization()]: Bean 'userMapper' of type [com.sun.proxy.$Proxy57] is not eligible for getting processed by all BeanPostProcessors (for example: not eligible for auto-proxying)

2019-05-22 12:01:42
[INFO]-[Thread: restartedMain]-[org.springframework.context.support.PostProcessorRegistrationDelegate$BeanPostProcessorChecker.postProcessAfterInitialization()]: Bean 'peersMapper' of type [org.mybatis.spring.mapper.MapperFactoryBean] is not eligible for getting processed by all BeanPostProcessors (for example: not eligible for auto-proxying)

2019-05-22 12:01:42
[INFO]-[Thread: restartedMain]-[org.springframework.context.support.PostProcessorRegistrationDelegate$BeanPostProcessorChecker.postProcessAfterInitialization()]: Bean 'peersMapper' of type [com.sun.proxy.$Proxy61] is not eligible for getting processed by all BeanPostProcessors (for example: not eligible for auto-proxying)

2019-05-22 12:01:42
[INFO]-[Thread: restartedMain]-[org.springframework.context.support.PostProcessorRegistrationDelegate$BeanPostProcessorChecker.postProcessAfterInitialization()]: Bean 'userServiceImpl' of type [cn.edu.seu.driverserver.service.Impl.UserServiceImpl] is not eligible for getting processed by all BeanPostProcessors (for example: not eligible for auto-proxying)

2019-05-22 12:01:42
[INFO]-[Thread: restartedMain]-[org.springframework.context.support.PostProcessorRegistrationDelegate$BeanPostProcessorChecker.postProcessAfterInitialization()]: Bean 'customRealm' of type [cn.edu.seu.driverserver.config.ShiroRealm] is not eligible for getting processed by all BeanPostProcessors (for example: not eligible for auto-proxying)

2019-05-22 12:01:42
[INFO]-[Thread: restartedMain]-[org.springframework.context.support.PostProcessorRegistrationDelegate$BeanPostProcessorChecker.postProcessAfterInitialization()]: Bean 'sessionManager' of type [org.apache.shiro.web.session.mgt.DefaultWebSessionManager] is not eligible for getting processed by all BeanPostProcessors (for example: not eligible for auto-proxying)

2019-05-22 12:01:42
[INFO]-[Thread: restartedMain]-[org.springframework.context.support.PostProcessorRegistrationDelegate$BeanPostProcessorChecker.postProcessAfterInitialization()]: Bean 'securityManager' of type [org.apache.shiro.web.mgt.DefaultWebSecurityManager] is not eligible for getting processed by all BeanPostProcessors (for example: not eligible for auto-proxying)

2019-05-22 12:01:43
[INFO]-[Thread: restartedMain]-[org.springframework.boot.web.embedded.tomcat.TomcatWebServer.initialize()]: Tomcat initialized with port(s): 8081 (http)

2019-05-22 12:01:43
[INFO]-[Thread: restartedMain]-[org.springframework.boot.web.servlet.context.ServletWebServerApplicationContext.prepareWebApplicationContext()]: Root WebApplicationContext: initialization completed in 4410 ms

2019-05-22 12:01:44
[INFO]-[Thread: restartedMain]-[org.springframework.scheduling.concurrent.ExecutorConfigurationSupport.initialize()]: Initializing ExecutorService 'applicationTaskExecutor'

2019-05-22 12:01:44
[INFO]-[Thread: restartedMain]-[org.springframework.boot.autoconfigure.web.servlet.WelcomePageHandlerMapping.<init>()]: Adding welcome page template: index

2019-05-22 12:01:45
[INFO]-[Thread: restartedMain]-[org.springframework.boot.devtools.autoconfigure.OptionalLiveReloadServer.startServer()]: LiveReload server is running on port 35729

2019-05-22 12:01:45
[INFO]-[Thread: restartedMain]-[org.springframework.boot.web.embedded.tomcat.TomcatWebServer.start()]: Tomcat started on port(s): 8081 (http) with context path ''

2019-05-22 12:01:45
[INFO]-[Thread: restartedMain]-[org.springframework.boot.StartupInfoLogger.logStarted()]: Started DriverserverApplication in 6.761 seconds (JVM running for 9.07)

2019-05-22 12:01:51
[INFO]-[Thread: http-nio-8081-exec-1]-[org.springframework.web.servlet.FrameworkServlet.initServletBean()]: Initializing Servlet 'dispatcherServlet'

2019-05-22 12:01:51
[INFO]-[Thread: http-nio-8081-exec-1]-[org.springframework.web.servlet.FrameworkServlet.initServletBean()]: Completed initialization in 13 ms

2019-05-22 12:01:51
[INFO]-[Thread: http-nio-8081-exec-1]-[org.apache.shiro.session.mgt.AbstractValidatingSessionManager.enableSessionValidation()]: Enabling session validation scheduler...

2019-05-22 12:01:52
[INFO]-[Thread: http-nio-8081-exec-3]-[com.zaxxer.hikari.HikariDataSource.getConnection()]: HikariPool-1 - Starting...

2019-05-22 12:01:52
[INFO]-[Thread: http-nio-8081-exec-3]-[com.zaxxer.hikari.HikariDataSource.getConnection()]: HikariPool-1 - Start completed.

2019-05-22 12:01:53
[INFO]-[Thread: http-nio-8081-exec-3]-[cn.edu.seu.driverserver.controller.UserController.doLogin()]: null>>>login

2019-05-22 12:04:43
[INFO]-[Thread: Thread-9]-[org.springframework.scheduling.concurrent.ExecutorConfigurationSupport.shutdown()]: Shutting down ExecutorService 'applicationTaskExecutor'

2019-05-22 12:04:43
[INFO]-[Thread: Thread-9]-[com.zaxxer.hikari.HikariDataSource.close()]: HikariPool-1 - Shutdown initiated...

2019-05-22 12:04:43
[INFO]-[Thread: Thread-9]-[com.zaxxer.hikari.HikariDataSource.close()]: HikariPool-1 - Shutdown completed.

2019-05-22 12:04:48
[INFO]-[Thread: background-preinit]-[org.hibernate.validator.internal.util.Version.<clinit>()]: HV000001: Hibernate Validator 6.0.14.Final

2019-05-22 12:04:49
[INFO]-[Thread: restartedMain]-[org.springframework.boot.StartupInfoLogger.logStarting()]: Starting DriverserverApplication on seu-pc with PID 19176 (/home/seu/Desktop/driver/driverserver/target/classes started by seu in /home/seu/Desktop/driver/driverserver)

2019-05-22 12:04:49
[INFO]-[Thread: restartedMain]-[org.springframework.boot.SpringApplication.logStartupProfileInfo()]: No active profile set, falling back to default profiles: default

2019-05-22 12:04:49
[INFO]-[Thread: restartedMain]-[org.springframework.boot.logging.DeferredLog.logTo()]: Devtools property defaults active! Set 'spring.devtools.add-properties' to 'false' to disable

2019-05-22 12:04:49
[INFO]-[Thread: restartedMain]-[org.springframework.boot.logging.DeferredLog.logTo()]: For additional web related logging consider setting the 'logging.level.web' property to 'DEBUG'

2019-05-22 12:04:51
[INFO]-[Thread: restartedMain]-[org.springframework.context.support.PostProcessorRegistrationDelegate$BeanPostProcessorChecker.postProcessAfterInitialization()]: Bean 'shiroConfig' of type [cn.edu.seu.driverserver.config.ShiroConfig$$EnhancerBySpringCGLIB$$fd9b5708] is not eligible for getting processed by all BeanPostProcessors (for example: not eligible for auto-proxying)

2019-05-22 12:04:51
[INFO]-[Thread: restartedMain]-[org.springframework.context.support.PostProcessorRegistrationDelegate$BeanPostProcessorChecker.postProcessAfterInitialization()]: Bean 'org.springframework.transaction.annotation.ProxyTransactionManagementConfiguration' of type [org.springframework.transaction.annotation.ProxyTransactionManagementConfiguration$$EnhancerBySpringCGLIB$$66cf8c3f] is not eligible for getting processed by all BeanPostProcessors (for example: not eligible for auto-proxying)

2019-05-22 12:04:51
[INFO]-[Thread: restartedMain]-[org.springframework.context.support.PostProcessorRegistrationDelegate$BeanPostProcessorChecker.postProcessAfterInitialization()]: Bean 'mybatis-org.mybatis.spring.boot.autoconfigure.MybatisProperties' of type [org.mybatis.spring.boot.autoconfigure.MybatisProperties] is not eligible for getting processed by all BeanPostProcessors (for example: not eligible for auto-proxying)

2019-05-22 12:04:51
[INFO]-[Thread: restartedMain]-[org.springframework.context.support.PostProcessorRegistrationDelegate$BeanPostProcessorChecker.postProcessAfterInitialization()]: Bean 'org.mybatis.spring.boot.autoconfigure.MybatisAutoConfiguration' of type [org.mybatis.spring.boot.autoconfigure.MybatisAutoConfiguration$$EnhancerBySpringCGLIB$$99a3dd6f] is not eligible for getting processed by all BeanPostProcessors (for example: not eligible for auto-proxying)

2019-05-22 12:04:51
[INFO]-[Thread: restartedMain]-[org.springframework.context.support.PostProcessorRegistrationDelegate$BeanPostProcessorChecker.postProcessAfterInitialization()]: Bean 'org.springframework.boot.autoconfigure.jdbc.DataSourceConfiguration$Hikari' of type [org.springframework.boot.autoconfigure.jdbc.DataSourceConfiguration$Hikari] is not eligible for getting processed by all BeanPostProcessors (for example: not eligible for auto-proxying)

2019-05-22 12:04:51
[INFO]-[Thread: restartedMain]-[org.springframework.context.support.PostProcessorRegistrationDelegate$BeanPostProcessorChecker.postProcessAfterInitialization()]: Bean 'spring.datasource-org.springframework.boot.autoconfigure.jdbc.DataSourceProperties' of type [org.springframework.boot.autoconfigure.jdbc.DataSourceProperties] is not eligible for getting processed by all BeanPostProcessors (for example: not eligible for auto-proxying)

2019-05-22 12:04:52
[INFO]-[Thread: restartedMain]-[org.springframework.context.support.PostProcessorRegistrationDelegate$BeanPostProcessorChecker.postProcessAfterInitialization()]: Bean 'dataSource' of type [com.zaxxer.hikari.HikariDataSource] is not eligible for getting processed by all BeanPostProcessors (for example: not eligible for auto-proxying)

2019-05-22 12:04:52
[INFO]-[Thread: restartedMain]-[org.springframework.context.support.PostProcessorRegistrationDelegate$BeanPostProcessorChecker.postProcessAfterInitialization()]: Bean 'org.springframework.boot.autoconfigure.jdbc.DataSourceInitializerInvoker' of type [org.springframework.boot.autoconfigure.jdbc.DataSourceInitializerInvoker] is not eligible for getting processed by all BeanPostProcessors (for example: not eligible for auto-proxying)

2019-05-22 12:04:52
[INFO]-[Thread: restartedMain]-[org.springframework.context.support.PostProcessorRegistrationDelegate$BeanPostProcessorChecker.postProcessAfterInitialization()]: Bean 'sqlSessionFactory' of type [org.apache.ibatis.session.defaults.DefaultSqlSessionFactory] is not eligible for getting processed by all BeanPostProcessors (for example: not eligible for auto-proxying)

2019-05-22 12:04:52
[INFO]-[Thread: restartedMain]-[org.springframework.context.support.PostProcessorRegistrationDelegate$BeanPostProcessorChecker.postProcessAfterInitialization()]: Bean 'sqlSessionTemplate' of type [org.mybatis.spring.SqlSessionTemplate] is not eligible for getting processed by all BeanPostProcessors (for example: not eligible for auto-proxying)

2019-05-22 12:04:52
[INFO]-[Thread: restartedMain]-[org.springframework.context.support.PostProcessorRegistrationDelegate$BeanPostProcessorChecker.postProcessAfterInitialization()]: Bean 'userMapper' of type [org.mybatis.spring.mapper.MapperFactoryBean] is not eligible for getting processed by all BeanPostProcessors (for example: not eligible for auto-proxying)

2019-05-22 12:04:52
[INFO]-[Thread: restartedMain]-[org.springframework.context.support.PostProcessorRegistrationDelegate$BeanPostProcessorChecker.postProcessAfterInitialization()]: Bean 'userMapper' of type [com.sun.proxy.$Proxy57] is not eligible for getting processed by all BeanPostProcessors (for example: not eligible for auto-proxying)

2019-05-22 12:04:52
[INFO]-[Thread: restartedMain]-[org.springframework.context.support.PostProcessorRegistrationDelegate$BeanPostProcessorChecker.postProcessAfterInitialization()]: Bean 'peersMapper' of type [org.mybatis.spring.mapper.MapperFactoryBean] is not eligible for getting processed by all BeanPostProcessors (for example: not eligible for auto-proxying)

2019-05-22 12:04:52
[INFO]-[Thread: restartedMain]-[org.springframework.context.support.PostProcessorRegistrationDelegate$BeanPostProcessorChecker.postProcessAfterInitialization()]: Bean 'peersMapper' of type [com.sun.proxy.$Proxy61] is not eligible for getting processed by all BeanPostProcessors (for example: not eligible for auto-proxying)

2019-05-22 12:04:52
[INFO]-[Thread: restartedMain]-[org.springframework.context.support.PostProcessorRegistrationDelegate$BeanPostProcessorChecker.postProcessAfterInitialization()]: Bean 'userServiceImpl' of type [cn.edu.seu.driverserver.service.Impl.UserServiceImpl] is not eligible for getting processed by all BeanPostProcessors (for example: not eligible for auto-proxying)

2019-05-22 12:04:52
[INFO]-[Thread: restartedMain]-[org.springframework.context.support.PostProcessorRegistrationDelegate$BeanPostProcessorChecker.postProcessAfterInitialization()]: Bean 'customRealm' of type [cn.edu.seu.driverserver.config.ShiroRealm] is not eligible for getting processed by all BeanPostProcessors (for example: not eligible for auto-proxying)

2019-05-22 12:04:52
[INFO]-[Thread: restartedMain]-[org.springframework.context.support.PostProcessorRegistrationDelegate$BeanPostProcessorChecker.postProcessAfterInitialization()]: Bean 'sessionManager' of type [org.apache.shiro.web.session.mgt.DefaultWebSessionManager] is not eligible for getting processed by all BeanPostProcessors (for example: not eligible for auto-proxying)

2019-05-22 12:04:52
[INFO]-[Thread: restartedMain]-[org.springframework.context.support.PostProcessorRegistrationDelegate$BeanPostProcessorChecker.postProcessAfterInitialization()]: Bean 'securityManager' of type [org.apache.shiro.web.mgt.DefaultWebSecurityManager] is not eligible for getting processed by all BeanPostProcessors (for example: not eligible for auto-proxying)

2019-05-22 12:04:53
[INFO]-[Thread: restartedMain]-[org.springframework.boot.web.embedded.tomcat.TomcatWebServer.initialize()]: Tomcat initialized with port(s): 8081 (http)

2019-05-22 12:04:53
[INFO]-[Thread: restartedMain]-[org.springframework.boot.web.servlet.context.ServletWebServerApplicationContext.prepareWebApplicationContext()]: Root WebApplicationContext: initialization completed in 4274 ms

2019-05-22 12:04:54
[INFO]-[Thread: restartedMain]-[org.springframework.scheduling.concurrent.ExecutorConfigurationSupport.initialize()]: Initializing ExecutorService 'applicationTaskExecutor'

2019-05-22 12:04:54
[INFO]-[Thread: restartedMain]-[org.springframework.boot.autoconfigure.web.servlet.WelcomePageHandlerMapping.<init>()]: Adding welcome page template: index

2019-05-22 12:04:54
[INFO]-[Thread: restartedMain]-[org.springframework.boot.devtools.autoconfigure.OptionalLiveReloadServer.startServer()]: LiveReload server is running on port 35729

2019-05-22 12:04:55
[INFO]-[Thread: restartedMain]-[org.springframework.boot.web.embedded.tomcat.TomcatWebServer.start()]: Tomcat started on port(s): 8081 (http) with context path ''

2019-05-22 12:04:55
[INFO]-[Thread: restartedMain]-[org.springframework.boot.StartupInfoLogger.logStarted()]: Started DriverserverApplication in 6.962 seconds (JVM running for 8.301)

2019-05-22 12:04:59
[INFO]-[Thread: http-nio-8081-exec-1]-[org.springframework.web.servlet.FrameworkServlet.initServletBean()]: Initializing Servlet 'dispatcherServlet'

2019-05-22 12:04:59
[INFO]-[Thread: http-nio-8081-exec-1]-[org.springframework.web.servlet.FrameworkServlet.initServletBean()]: Completed initialization in 12 ms

2019-05-22 12:04:59
[INFO]-[Thread: http-nio-8081-exec-1]-[org.apache.shiro.session.mgt.AbstractValidatingSessionManager.enableSessionValidation()]: Enabling session validation scheduler...

2019-05-22 12:05:00
[INFO]-[Thread: http-nio-8081-exec-3]-[com.zaxxer.hikari.HikariDataSource.getConnection()]: HikariPool-1 - Starting...

2019-05-22 12:05:00
[INFO]-[Thread: http-nio-8081-exec-3]-[com.zaxxer.hikari.HikariDataSource.getConnection()]: HikariPool-1 - Start completed.

2019-05-22 12:05:00
[INFO]-[Thread: http-nio-8081-exec-3]-[cn.edu.seu.driverserver.controller.UserController.doLogin()]: null>>>login

2019-05-22 13:04:59
[INFO]-[Thread: SessionValidationThread-1]-[org.apache.shiro.session.mgt.AbstractValidatingSessionManager.validateSessions()]: Validating all active sessions...

2019-05-22 13:04:59
[INFO]-[Thread: SessionValidationThread-1]-[org.apache.shiro.session.mgt.AbstractValidatingSessionManager.validateSessions()]: Finished session validation.  [1] sessions were stopped.

2019-05-22 14:04:59
[INFO]-[Thread: SessionValidationThread-1]-[org.apache.shiro.session.mgt.AbstractValidatingSessionManager.validateSessions()]: Validating all active sessions...

2019-05-22 14:04:59
[INFO]-[Thread: SessionValidationThread-1]-[org.apache.shiro.session.mgt.AbstractValidatingSessionManager.validateSessions()]: Finished session validation.  No sessions were stopped.

2019-05-22 15:04:59
[INFO]-[Thread: SessionValidationThread-1]-[org.apache.shiro.session.mgt.AbstractValidatingSessionManager.validateSessions()]: Validating all active sessions...

2019-05-22 15:04:59
[INFO]-[Thread: SessionValidationThread-1]-[org.apache.shiro.session.mgt.AbstractValidatingSessionManager.validateSessions()]: Finished session validation.  [2] sessions were stopped.

2019-05-22 16:04:59
[INFO]-[Thread: SessionValidationThread-1]-[org.apache.shiro.session.mgt.AbstractValidatingSessionManager.validateSessions()]: Validating all active sessions...

2019-05-22 16:04:59
[INFO]-[Thread: SessionValidationThread-1]-[org.apache.shiro.session.mgt.AbstractValidatingSessionManager.validateSessions()]: Finished session validation.  No sessions were stopped.

2019-05-22 17:04:59
[INFO]-[Thread: SessionValidationThread-1]-[org.apache.shiro.session.mgt.AbstractValidatingSessionManager.validateSessions()]: Validating all active sessions...

2019-05-22 17:04:59
[INFO]-[Thread: SessionValidationThread-1]-[org.apache.shiro.session.mgt.AbstractValidatingSessionManager.validateSessions()]: Finished session validation.  No sessions were stopped.

2019-05-22 17:05:37
[INFO]-[Thread: Thread-9]-[org.springframework.scheduling.concurrent.ExecutorConfigurationSupport.shutdown()]: Shutting down ExecutorService 'applicationTaskExecutor'

2019-05-22 17:05:37
[INFO]-[Thread: Thread-9]-[com.zaxxer.hikari.HikariDataSource.close()]: HikariPool-1 - Shutdown initiated...

2019-05-22 17:05:37
[INFO]-[Thread: Thread-9]-[com.zaxxer.hikari.HikariDataSource.close()]: HikariPool-1 - Shutdown completed.

2019-05-22 17:05:44
[INFO]-[Thread: background-preinit]-[org.hibernate.validator.internal.util.Version.<clinit>()]: HV000001: Hibernate Validator 6.0.14.Final

2019-05-22 17:05:45
[INFO]-[Thread: restartedMain]-[org.springframework.boot.StartupInfoLogger.logStarting()]: Starting DriverserverApplication on seu-pc with PID 21777 (/home/seu/Desktop/driver/driverserver/target/classes started by seu in /home/seu/Desktop/driver/driverserver)

2019-05-22 17:05:45
[INFO]-[Thread: restartedMain]-[org.springframework.boot.SpringApplication.logStartupProfileInfo()]: No active profile set, falling back to default profiles: default

2019-05-22 17:05:45
[INFO]-[Thread: restartedMain]-[org.springframework.boot.logging.DeferredLog.logTo()]: Devtools property defaults active! Set 'spring.devtools.add-properties' to 'false' to disable

2019-05-22 17:05:45
[INFO]-[Thread: restartedMain]-[org.springframework.boot.logging.DeferredLog.logTo()]: For additional web related logging consider setting the 'logging.level.web' property to 'DEBUG'

2019-05-22 17:05:50
[INFO]-[Thread: restartedMain]-[org.springframework.context.support.PostProcessorRegistrationDelegate$BeanPostProcessorChecker.postProcessAfterInitialization()]: Bean 'shiroConfig' of type [cn.edu.seu.driverserver.config.ShiroConfig$$EnhancerBySpringCGLIB$$f81f4b25] is not eligible for getting processed by all BeanPostProcessors (for example: not eligible for auto-proxying)

2019-05-22 17:05:50
[INFO]-[Thread: restartedMain]-[org.springframework.context.support.PostProcessorRegistrationDelegate$BeanPostProcessorChecker.postProcessAfterInitialization()]: Bean 'org.springframework.transaction.annotation.ProxyTransactionManagementConfiguration' of type [org.springframework.transaction.annotation.ProxyTransactionManagementConfiguration$$EnhancerBySpringCGLIB$$6153805c] is not eligible for getting processed by all BeanPostProcessors (for example: not eligible for auto-proxying)

2019-05-22 17:05:50
[INFO]-[Thread: restartedMain]-[org.springframework.context.support.PostProcessorRegistrationDelegate$BeanPostProcessorChecker.postProcessAfterInitialization()]: Bean 'mybatis-org.mybatis.spring.boot.autoconfigure.MybatisProperties' of type [org.mybatis.spring.boot.autoconfigure.MybatisProperties] is not eligible for getting processed by all BeanPostProcessors (for example: not eligible for auto-proxying)

2019-05-22 17:05:50
[INFO]-[Thread: restartedMain]-[org.springframework.context.support.PostProcessorRegistrationDelegate$BeanPostProcessorChecker.postProcessAfterInitialization()]: Bean 'org.mybatis.spring.boot.autoconfigure.MybatisAutoConfiguration' of type [org.mybatis.spring.boot.autoconfigure.MybatisAutoConfiguration$$EnhancerBySpringCGLIB$$9427d18c] is not eligible for getting processed by all BeanPostProcessors (for example: not eligible for auto-proxying)

2019-05-22 17:05:50
[INFO]-[Thread: restartedMain]-[org.springframework.context.support.PostProcessorRegistrationDelegate$BeanPostProcessorChecker.postProcessAfterInitialization()]: Bean 'org.springframework.boot.autoconfigure.jdbc.DataSourceConfiguration$Hikari' of type [org.springframework.boot.autoconfigure.jdbc.DataSourceConfiguration$Hikari] is not eligible for getting processed by all BeanPostProcessors (for example: not eligible for auto-proxying)

2019-05-22 17:05:50
[INFO]-[Thread: restartedMain]-[org.springframework.context.support.PostProcessorRegistrationDelegate$BeanPostProcessorChecker.postProcessAfterInitialization()]: Bean 'spring.datasource-org.springframework.boot.autoconfigure.jdbc.DataSourceProperties' of type [org.springframework.boot.autoconfigure.jdbc.DataSourceProperties] is not eligible for getting processed by all BeanPostProcessors (for example: not eligible for auto-proxying)

2019-05-22 17:05:51
[INFO]-[Thread: restartedMain]-[org.springframework.context.support.PostProcessorRegistrationDelegate$BeanPostProcessorChecker.postProcessAfterInitialization()]: Bean 'dataSource' of type [com.zaxxer.hikari.HikariDataSource] is not eligible for getting processed by all BeanPostProcessors (for example: not eligible for auto-proxying)

2019-05-22 17:05:51
[INFO]-[Thread: restartedMain]-[org.springframework.context.support.PostProcessorRegistrationDelegate$BeanPostProcessorChecker.postProcessAfterInitialization()]: Bean 'org.springframework.boot.autoconfigure.jdbc.DataSourceInitializerInvoker' of type [org.springframework.boot.autoconfigure.jdbc.DataSourceInitializerInvoker] is not eligible for getting processed by all BeanPostProcessors (for example: not eligible for auto-proxying)

2019-05-22 17:05:51
[INFO]-[Thread: restartedMain]-[org.springframework.context.support.PostProcessorRegistrationDelegate$BeanPostProcessorChecker.postProcessAfterInitialization()]: Bean 'sqlSessionFactory' of type [org.apache.ibatis.session.defaults.DefaultSqlSessionFactory] is not eligible for getting processed by all BeanPostProcessors (for example: not eligible for auto-proxying)

2019-05-22 17:05:51
[INFO]-[Thread: restartedMain]-[org.springframework.context.support.PostProcessorRegistrationDelegate$BeanPostProcessorChecker.postProcessAfterInitialization()]: Bean 'sqlSessionTemplate' of type [org.mybatis.spring.SqlSessionTemplate] is not eligible for getting processed by all BeanPostProcessors (for example: not eligible for auto-proxying)

2019-05-22 17:05:51
[INFO]-[Thread: restartedMain]-[org.springframework.context.support.PostProcessorRegistrationDelegate$BeanPostProcessorChecker.postProcessAfterInitialization()]: Bean 'userMapper' of type [org.mybatis.spring.mapper.MapperFactoryBean] is not eligible for getting processed by all BeanPostProcessors (for example: not eligible for auto-proxying)

2019-05-22 17:05:51
[INFO]-[Thread: restartedMain]-[org.springframework.context.support.PostProcessorRegistrationDelegate$BeanPostProcessorChecker.postProcessAfterInitialization()]: Bean 'userMapper' of type [com.sun.proxy.$Proxy57] is not eligible for getting processed by all BeanPostProcessors (for example: not eligible for auto-proxying)

2019-05-22 17:05:51
[INFO]-[Thread: restartedMain]-[org.springframework.context.support.PostProcessorRegistrationDelegate$BeanPostProcessorChecker.postProcessAfterInitialization()]: Bean 'peersMapper' of type [org.mybatis.spring.mapper.MapperFactoryBean] is not eligible for getting processed by all BeanPostProcessors (for example: not eligible for auto-proxying)

2019-05-22 17:05:51
[INFO]-[Thread: restartedMain]-[org.springframework.context.support.PostProcessorRegistrationDelegate$BeanPostProcessorChecker.postProcessAfterInitialization()]: Bean 'peersMapper' of type [com.sun.proxy.$Proxy61] is not eligible for getting processed by all BeanPostProcessors (for example: not eligible for auto-proxying)

2019-05-22 17:05:51
[INFO]-[Thread: restartedMain]-[org.springframework.context.support.PostProcessorRegistrationDelegate$BeanPostProcessorChecker.postProcessAfterInitialization()]: Bean 'userServiceImpl' of type [cn.edu.seu.driverserver.service.Impl.UserServiceImpl] is not eligible for getting processed by all BeanPostProcessors (for example: not eligible for auto-proxying)

2019-05-22 17:05:51
[INFO]-[Thread: restartedMain]-[org.springframework.context.support.PostProcessorRegistrationDelegate$BeanPostProcessorChecker.postProcessAfterInitialization()]: Bean 'customRealm' of type [cn.edu.seu.driverserver.config.ShiroRealm] is not eligible for getting processed by all BeanPostProcessors (for example: not eligible for auto-proxying)

2019-05-22 17:05:51
[INFO]-[Thread: restartedMain]-[org.springframework.context.support.PostProcessorRegistrationDelegate$BeanPostProcessorChecker.postProcessAfterInitialization()]: Bean 'sessionManager' of type [org.apache.shiro.web.session.mgt.DefaultWebSessionManager] is not eligible for getting processed by all BeanPostProcessors (for example: not eligible for auto-proxying)

2019-05-22 17:05:51
[INFO]-[Thread: restartedMain]-[org.springframework.context.support.PostProcessorRegistrationDelegate$BeanPostProcessorChecker.postProcessAfterInitialization()]: Bean 'securityManager' of type [org.apache.shiro.web.mgt.DefaultWebSecurityManager] is not eligible for getting processed by all BeanPostProcessors (for example: not eligible for auto-proxying)

2019-05-22 17:05:52
[INFO]-[Thread: restartedMain]-[org.springframework.boot.web.embedded.tomcat.TomcatWebServer.initialize()]: Tomcat initialized with port(s): 8081 (http)

2019-05-22 17:05:52
[INFO]-[Thread: restartedMain]-[org.springframework.boot.web.servlet.context.ServletWebServerApplicationContext.prepareWebApplicationContext()]: Root WebApplicationContext: initialization completed in 6588 ms

2019-05-22 17:05:52
[INFO]-[Thread: restartedMain]-[org.springframework.scheduling.concurrent.ExecutorConfigurationSupport.initialize()]: Initializing ExecutorService 'applicationTaskExecutor'

2019-05-22 17:05:53
[INFO]-[Thread: restartedMain]-[org.springframework.boot.autoconfigure.web.servlet.WelcomePageHandlerMapping.<init>()]: Adding welcome page template: index

2019-05-22 17:05:53
[INFO]-[Thread: restartedMain]-[org.springframework.boot.devtools.autoconfigure.OptionalLiveReloadServer.startServer()]: LiveReload server is running on port 35729

2019-05-22 17:05:53
[INFO]-[Thread: restartedMain]-[org.springframework.boot.web.embedded.tomcat.TomcatWebServer.start()]: Tomcat started on port(s): 8081 (http) with context path ''

2019-05-22 17:05:53
[INFO]-[Thread: restartedMain]-[org.springframework.boot.StartupInfoLogger.logStarted()]: Started DriverserverApplication in 9.621 seconds (JVM running for 11.09)

2019-05-22 17:05:54
[INFO]-[Thread: http-nio-8081-exec-1]-[org.springframework.web.servlet.FrameworkServlet.initServletBean()]: Initializing Servlet 'dispatcherServlet'

2019-05-22 17:05:54
[INFO]-[Thread: http-nio-8081-exec-1]-[org.springframework.web.servlet.FrameworkServlet.initServletBean()]: Completed initialization in 16 ms

2019-05-22 17:05:54
[INFO]-[Thread: http-nio-8081-exec-1]-[org.apache.shiro.session.mgt.AbstractValidatingSessionManager.enableSessionValidation()]: Enabling session validation scheduler...

2019-05-22 17:05:54
[WARN]-[Thread: http-nio-8081-exec-1]-[org.apache.shiro.mgt.AbstractRememberMeManager.onRememberedPrincipalFailure()]: There was a failure while trying to retrieve remembered principals.  This could be due to a configuration problem or corrupted principals.  This could also be due to a recently changed encryption key, if you are using a shiro.ini file, this property would be 'securityManager.rememberMeManager.cipherKey' see: http://shiro.apache.org/web.html#Web-RememberMeServices. The remembered identity will be forgotten and not used for this request.

2019-05-22 17:05:54
[WARN]-[Thread: http-nio-8081-exec-1]-[org.apache.shiro.mgt.DefaultSecurityManager.getRememberedIdentity()]: Delegate RememberMeManager instance of type [org.apache.shiro.web.mgt.CookieRememberMeManager] threw an exception during getRememberedPrincipals().
org.apache.shiro.io.SerializationException: Unable to deserialize argument byte array.
	at org.apache.shiro.io.DefaultSerializer.deserialize(DefaultSerializer.java:82)
	at org.apache.shiro.mgt.AbstractRememberMeManager.deserialize(AbstractRememberMeManager.java:507)
	at org.apache.shiro.mgt.AbstractRememberMeManager.convertBytesToPrincipals(AbstractRememberMeManager.java:421)
	at org.apache.shiro.mgt.AbstractRememberMeManager.getRememberedPrincipals(AbstractRememberMeManager.java:386)
	at org.apache.shiro.mgt.DefaultSecurityManager.getRememberedIdentity(DefaultSecurityManager.java:612)
	at org.apache.shiro.mgt.DefaultSecurityManager.resolvePrincipals(DefaultSecurityManager.java:500)
	at org.apache.shiro.mgt.DefaultSecurityManager.createSubject(DefaultSecurityManager.java:346)
	at org.apache.shiro.subject.Subject$Builder.buildSubject(Subject.java:845)
	at org.apache.shiro.web.subject.WebSubject$Builder.buildWebSubject(WebSubject.java:148)
	at org.apache.shiro.web.servlet.AbstractShiroFilter.createSubject(AbstractShiroFilter.java:292)
	at org.apache.shiro.web.servlet.AbstractShiroFilter.doFilterInternal(AbstractShiroFilter.java:359)
	at org.apache.shiro.web.servlet.OncePerRequestFilter.doFilter(OncePerRequestFilter.java:125)
	at org.apache.catalina.core.ApplicationFilterChain.internalDoFilter(ApplicationFilterChain.java:193)
	at org.apache.catalina.core.ApplicationFilterChain.doFilter(ApplicationFilterChain.java:166)
	at org.springframework.web.filter.RequestContextFilter.doFilterInternal(RequestContextFilter.java:99)
	at org.springframework.web.filter.OncePerRequestFilter.doFilter(OncePerRequestFilter.java:107)
	at org.apache.catalina.core.ApplicationFilterChain.internalDoFilter(ApplicationFilterChain.java:193)
	at org.apache.catalina.core.ApplicationFilterChain.doFilter(ApplicationFilterChain.java:166)
	at org.springframework.web.filter.FormContentFilter.doFilterInternal(FormContentFilter.java:92)
	at org.springframework.web.filter.OncePerRequestFilter.doFilter(OncePerRequestFilter.java:107)
	at org.apache.catalina.core.ApplicationFilterChain.internalDoFilter(ApplicationFilterChain.java:193)
	at org.apache.catalina.core.ApplicationFilterChain.doFilter(ApplicationFilterChain.java:166)
	at org.springframework.web.filter.HiddenHttpMethodFilter.doFilterInternal(HiddenHttpMethodFilter.java:93)
	at org.springframework.web.filter.OncePerRequestFilter.doFilter(OncePerRequestFilter.java:107)
	at org.apache.catalina.core.ApplicationFilterChain.internalDoFilter(ApplicationFilterChain.java:193)
	at org.apache.catalina.core.ApplicationFilterChain.doFilter(ApplicationFilterChain.java:166)
	at org.springframework.web.filter.CharacterEncodingFilter.doFilterInternal(CharacterEncodingFilter.java:200)
	at org.springframework.web.filter.OncePerRequestFilter.doFilter(OncePerRequestFilter.java:107)
	at org.apache.catalina.core.ApplicationFilterChain.internalDoFilter(ApplicationFilterChain.java:193)
	at org.apache.catalina.core.ApplicationFilterChain.doFilter(ApplicationFilterChain.java:166)
	at org.apache.catalina.core.StandardWrapperValve.invoke(StandardWrapperValve.java:200)
	at org.apache.catalina.core.StandardContextValve.invoke(StandardContextValve.java:96)
	at org.apache.catalina.authenticator.AuthenticatorBase.invoke(AuthenticatorBase.java:490)
	at org.apache.catalina.core.StandardHostValve.invoke(StandardHostValve.java:139)
	at org.apache.catalina.valves.ErrorReportValve.invoke(ErrorReportValve.java:92)
	at org.apache.catalina.core.StandardEngineValve.invoke(StandardEngineValve.java:74)
	at org.apache.catalina.connector.CoyoteAdapter.service(CoyoteAdapter.java:343)
	at org.apache.coyote.http11.Http11Processor.service(Http11Processor.java:408)
	at org.apache.coyote.AbstractProcessorLight.process(AbstractProcessorLight.java:66)
	at org.apache.coyote.AbstractProtocol$ConnectionHandler.process(AbstractProtocol.java:834)
	at org.apache.tomcat.util.net.NioEndpoint$SocketProcessor.doRun(NioEndpoint.java:1415)
	at org.apache.tomcat.util.net.SocketProcessorBase.run(SocketProcessorBase.java:49)
	at java.util.concurrent.ThreadPoolExecutor.runWorker(ThreadPoolExecutor.java:1149)
	at java.util.concurrent.ThreadPoolExecutor$Worker.run(ThreadPoolExecutor.java:624)
	at org.apache.tomcat.util.threads.TaskThread$WrappingRunnable.run(TaskThread.java:61)
	at java.lang.Thread.run(Thread.java:748)
Caused by: java.lang.ClassNotFoundException: Unable to load ObjectStreamClass [com.perfree.entity.User: static final long serialVersionUID = 1L;]: 
	at org.apache.shiro.io.ClassResolvingObjectInputStream.resolveClass(ClassResolvingObjectInputStream.java:55)
	at java.io.ObjectInputStream.readNonProxyDesc(ObjectInputStream.java:1868)
	at java.io.ObjectInputStream.readClassDesc(ObjectInputStream.java:1751)
	at java.io.ObjectInputStream.readOrdinaryObject(ObjectInputStream.java:2042)
	at java.io.ObjectInputStream.readObject0(ObjectInputStream.java:1573)
	at java.io.ObjectInputStream.readObject(ObjectInputStream.java:431)
	at java.util.HashSet.readObject(HashSet.java:341)
	at sun.reflect.NativeMethodAccessorImpl.invoke0(Native Method)
	at sun.reflect.NativeMethodAccessorImpl.invoke(NativeMethodAccessorImpl.java:62)
	at sun.reflect.DelegatingMethodAccessorImpl.invoke(DelegatingMethodAccessorImpl.java:43)
	at java.lang.reflect.Method.invoke(Method.java:498)
	at java.io.ObjectStreamClass.invokeReadObject(ObjectStreamClass.java:1170)
	at java.io.ObjectInputStream.readSerialData(ObjectInputStream.java:2178)
	at java.io.ObjectInputStream.readOrdinaryObject(ObjectInputStream.java:2069)
	at java.io.ObjectInputStream.readObject0(ObjectInputStream.java:1573)
	at java.io.ObjectInputStream.readObject(ObjectInputStream.java:431)
	at java.util.HashMap.readObject(HashMap.java:1412)
	at sun.reflect.NativeMethodAccessorImpl.invoke0(Native Method)
	at sun.reflect.NativeMethodAccessorImpl.invoke(NativeMethodAccessorImpl.java:62)
	at sun.reflect.DelegatingMethodAccessorImpl.invoke(DelegatingMethodAccessorImpl.java:43)
	at java.lang.reflect.Method.invoke(Method.java:498)
	at java.io.ObjectStreamClass.invokeReadObject(ObjectStreamClass.java:1170)
	at java.io.ObjectInputStream.readSerialData(ObjectInputStream.java:2178)
	at java.io.ObjectInputStream.readOrdinaryObject(ObjectInputStream.java:2069)
	at java.io.ObjectInputStream.readObject0(ObjectInputStream.java:1573)
	at java.io.ObjectInputStream.defaultReadFields(ObjectInputStream.java:2287)
	at java.io.ObjectInputStream.defaultReadObject(ObjectInputStream.java:561)
	at org.apache.shiro.subject.SimplePrincipalCollection.readObject(SimplePrincipalCollection.java:295)
	at sun.reflect.NativeMethodAccessorImpl.invoke0(Native Method)
	at sun.reflect.NativeMethodAccessorImpl.invoke(NativeMethodAccessorImpl.java:62)
	at sun.reflect.DelegatingMethodAccessorImpl.invoke(DelegatingMethodAccessorImpl.java:43)
	at java.lang.reflect.Method.invoke(Method.java:498)
	at java.io.ObjectStreamClass.invokeReadObject(ObjectStreamClass.java:1170)
	at java.io.ObjectInputStream.readSerialData(ObjectInputStream.java:2178)
	at java.io.ObjectInputStream.readOrdinaryObject(ObjectInputStream.java:2069)
	at java.io.ObjectInputStream.readObject0(ObjectInputStream.java:1573)
	at java.io.ObjectInputStream.readObject(ObjectInputStream.java:431)
	at org.apache.shiro.io.DefaultSerializer.deserialize(DefaultSerializer.java:77)
	... 45 more
Caused by: org.apache.shiro.util.UnknownClassException: Unable to load class named [com.perfree.entity.User] from the thread context, current, or system/application ClassLoaders.  All heuristics have been exhausted.  Class could not be found.
	at org.apache.shiro.util.ClassUtils.forName(ClassUtils.java:152)
	at org.apache.shiro.io.ClassResolvingObjectInputStream.resolveClass(ClassResolvingObjectInputStream.java:53)
	... 82 more

2019-05-22 17:06:00
[INFO]-[Thread: http-nio-8081-exec-4]-[com.zaxxer.hikari.HikariDataSource.getConnection()]: HikariPool-1 - Starting...

2019-05-22 17:06:00
[INFO]-[Thread: http-nio-8081-exec-4]-[com.zaxxer.hikari.HikariDataSource.getConnection()]: HikariPool-1 - Start completed.

2019-05-22 17:06:00
[INFO]-[Thread: http-nio-8081-exec-4]-[cn.edu.seu.driverserver.controller.UserController.doLogin()]: null>>>login

2019-05-22 18:05:54
[INFO]-[Thread: SessionValidationThread-1]-[org.apache.shiro.session.mgt.AbstractValidatingSessionManager.validateSessions()]: Validating all active sessions...

2019-05-22 18:05:54
[INFO]-[Thread: SessionValidationThread-1]-[org.apache.shiro.session.mgt.AbstractValidatingSessionManager.validateSessions()]: Finished session validation.  [1] sessions were stopped.

2019-05-22 19:05:54
[INFO]-[Thread: SessionValidationThread-1]-[org.apache.shiro.session.mgt.AbstractValidatingSessionManager.validateSessions()]: Validating all active sessions...

2019-05-22 19:05:54
[INFO]-[Thread: SessionValidationThread-1]-[org.apache.shiro.session.mgt.AbstractValidatingSessionManager.validateSessions()]: Finished session validation.  No sessions were stopped.

2019-05-22 20:05:54
[INFO]-[Thread: SessionValidationThread-1]-[org.apache.shiro.session.mgt.AbstractValidatingSessionManager.validateSessions()]: Validating all active sessions...

2019-05-22 20:05:54
[INFO]-[Thread: SessionValidationThread-1]-[org.apache.shiro.session.mgt.AbstractValidatingSessionManager.validateSessions()]: Finished session validation.  No sessions were stopped.

2019-05-22 21:05:54
[INFO]-[Thread: SessionValidationThread-1]-[org.apache.shiro.session.mgt.AbstractValidatingSessionManager.validateSessions()]: Validating all active sessions...

2019-05-22 21:05:54
[INFO]-[Thread: SessionValidationThread-1]-[org.apache.shiro.session.mgt.AbstractValidatingSessionManager.validateSessions()]: Finished session validation.  No sessions were stopped.

2019-05-22 21:28:49
[INFO]-[Thread: http-nio-8081-exec-6]-[cn.edu.seu.driverserver.controller.UserController.doLogin()]: null>>>login

2019-05-22 21:29:03
[INFO]-[Thread: http-nio-8081-exec-2]-[cn.edu.seu.driverserver.controller.UserController.doLogin()]: null>>>login

2019-05-22 21:29:11
[INFO]-[Thread: http-nio-8081-exec-4]-[cn.edu.seu.driverserver.controller.UserController.doLogin()]: null>>>login

2019-05-22 21:29:17
[INFO]-[Thread: http-nio-8081-exec-9]-[cn.edu.seu.driverserver.controller.UserController.doLogin()]: null>>>login

2019-05-22 22:05:54
[INFO]-[Thread: SessionValidationThread-1]-[org.apache.shiro.session.mgt.AbstractValidatingSessionManager.validateSessions()]: Validating all active sessions...

2019-05-22 22:05:54
[INFO]-[Thread: SessionValidationThread-1]-[org.apache.shiro.session.mgt.AbstractValidatingSessionManager.validateSessions()]: Finished session validation.  [1] sessions were stopped.

2019-05-22 23:05:54
[INFO]-[Thread: SessionValidationThread-1]-[org.apache.shiro.session.mgt.AbstractValidatingSessionManager.validateSessions()]: Validating all active sessions...

2019-05-22 23:05:54
[INFO]-[Thread: SessionValidationThread-1]-[org.apache.shiro.session.mgt.AbstractValidatingSessionManager.validateSessions()]: Finished session validation.  No sessions were stopped.
